// Date: 2021-11-27 01:55:27
// SKYCTF PWN WAF
// Deved By I0gan
team_name: forget

user_name: 1427776731


<-------------------- write ----------------->
0x55b8fe547010
welcome to the battle
Pick your weapon
1.Get an gun
2.change a weapon
3.Discard your gun
4.run away
Your choice : 
w_0 = "\x30\x78\x35\x35\x62\x38\x66\x65\x35\x34\x37\x30\x31\x30\x0a\x77\x65\x6c\x63\x6f\x6d\x65\x20\x74\x6f\x20\x74\x68\x65\x20\x62\x61\x74\x74\x6c\x65\x0a\x50\x69\x63\x6b\x20\x79\x6f\x75\x72\x20\x77\x65\x61\x70\x6f\x6e\x0a\x31\x2e\x47\x65\x74\x20\x61\x6e\x20\x67\x75\x6e\x0a\x32\x2e\x63\x68\x61\x6e\x67\x65\x20\x61\x20\x77\x65\x61\x70\x6f\x6e\x0a\x33\x2e\x44\x69\x73\x63\x61\x72\x64\x20\x79\x6f\x75\x72\x20\x67\x75\x6e\x0a\x34\x2e\x72\x75\x6e\x20\x61\x77\x61\x79\x0a\x59\x6f\x75\x72\x20\x63\x68\x6f\x69\x63\x65\x20\x3a\x20"

<-------------------- read ------------------>
1

r_0 = "\x31\x0a"

<-------------------- write ----------------->
size of it

w_1 = "\x73\x69\x7a\x65\x20\x6f\x66\x20\x69\x74\x0a"

<-------------------- read ------------------>

4

r_1 = "\x0a\x34\x0a"

<-------------------- write ----------------->
Name?

w_2 = "\x4e\x61\x6d\x65\x3f\x0a"

<-------------------- read ------------------>


r_2 = "\x0a"

<-------------------- write ----------------->

welcome to the battle
Pick your weapon
1.Get an gun
2.change a weapon
3.Discard your gun
4.run away
Your choice : 
w_3 = "\x0a\x77\x65\x6c\x63\x6f\x6d\x65\x20\x74\x6f\x20\x74\x68\x65\x20\x62\x61\x74\x74\x6c\x65\x0a\x50\x69\x63\x6b\x20\x79\x6f\x75\x72\x20\x77\x65\x61\x70\x6f\x6e\x0a\x31\x2e\x47\x65\x74\x20\x61\x6e\x20\x67\x75\x6e\x0a\x32\x2e\x63\x68\x61\x6e\x67\x65\x20\x61\x20\x77\x65\x61\x70\x6f\x6e\x0a\x33\x2e\x44\x69\x73\x63\x61\x72\x64\x20\x79\x6f\x75\x72\x20\x67\x75\x6e\x0a\x34\x2e\x72\x75\x6e\x20\x61\x77\x61\x79\x0a\x59\x6f\x75\x72\x20\x63\x68\x6f\x69\x63\x65\x20\x3a\x20"

<-------------------- read ------------------>
2

r_3 = "\x32\x0a"

<-------------------- write ----------------->
size of it

w_4 = "\x73\x69\x7a\x65\x20\x6f\x66\x20\x69\x74\x0a"

<-------------------- read ------------------>

q

r_4 = "\x0a\x71\x0a"

<-------------------- write ----------------->
name

welcome to the battle
Pick your weapon
1.Get an gun
2.change a weapon
3.Discard your gun
4.run away
Your choice : size of it

w_5 = "\x6e\x61\x6d\x65\x0a\x0a\x77\x65\x6c\x63\x6f\x6d\x65\x20\x74\x6f\x20\x74\x68\x65\x20\x62\x61\x74\x74\x6c\x65\x0a\x50\x69\x63\x6b\x20\x79\x6f\x75\x72\x20\x77\x65\x61\x70\x6f\x6e\x0a\x31\x2e\x47\x65\x74\x20\x61\x6e\x20\x67\x75\x6e\x0a\x32\x2e\x63\x68\x61\x6e\x67\x65\x20\x61\x20\x77\x65\x61\x70\x6f\x6e\x0a\x33\x2e\x44\x69\x73\x63\x61\x72\x64\x20\x79\x6f\x75\x72\x20\x67\x75\x6e\x0a\x34\x2e\x72\x75\x6e\x20\x61\x77\x61\x79\x0a\x59\x6f\x75\x72\x20\x63\x68\x6f\x69\x63\x65\x20\x3a\x20\x73\x69\x7a\x65\x20\x6f\x66\x20\x69\x74\x0a"

<-------------------- read ------------------>

123123

r_5 = "\x0a\x31\x32\x33\x31\x32\x33\x0a"

<-------------------- write ----------------->
name

w_6 = "\x6e\x61\x6d\x65\x0a"

<-------------------- read ------------------>
123123

r_6 = "\x31\x32\x33\x31\x32\x33\x0a"

<-------------------- write ----------------->

welcome to the battle
Pick your weapon
1.Get an gun
2.change a weapon
3.Discard your gun
4.run away
Your choice : 
w_7 = "\x0a\x77\x65\x6c\x63\x6f\x6d\x65\x20\x74\x6f\x20\x74\x68\x65\x20\x62\x61\x74\x74\x6c\x65\x0a\x50\x69\x63\x6b\x20\x79\x6f\x75\x72\x20\x77\x65\x61\x70\x6f\x6e\x0a\x31\x2e\x47\x65\x74\x20\x61\x6e\x20\x67\x75\x6e\x0a\x32\x2e\x63\x68\x61\x6e\x67\x65\x20\x61\x20\x77\x65\x61\x70\x6f\x6e\x0a\x33\x2e\x44\x69\x73\x63\x61\x72\x64\x20\x79\x6f\x75\x72\x20\x67\x75\x6e\x0a\x34\x2e\x72\x75\x6e\x20\x61\x77\x61\x79\x0a\x59\x6f\x75\x72\x20\x63\x68\x6f\x69\x63\x65\x20\x3a\x20"

<-------------------- read ------------------>
3

r_7 = "\x33\x0a"

<-------------------- write ----------------->
name is : 123123

welcome to the battle
Pick your weapon
1.Get an gun
2.change a weapon
3.Discard your gun
4.run away
Your choice : 
w_8 = "\x6e\x61\x6d\x65\x20\x69\x73\x20\x3a\x20\x31\x32\x33\x31\x32\x33\x0a\x0a\x77\x65\x6c\x63\x6f\x6d\x65\x20\x74\x6f\x20\x74\x68\x65\x20\x62\x61\x74\x74\x6c\x65\x0a\x50\x69\x63\x6b\x20\x79\x6f\x75\x72\x20\x77\x65\x61\x70\x6f\x6e\x0a\x31\x2e\x47\x65\x74\x20\x61\x6e\x20\x67\x75\x6e\x0a\x32\x2e\x63\x68\x61\x6e\x67\x65\x20\x61\x20\x77\x65\x61\x70\x6f\x6e\x0a\x33\x2e\x44\x69\x73\x63\x61\x72\x64\x20\x79\x6f\x75\x72\x20\x67\x75\x6e\x0a\x34\x2e\x72\x75\x6e\x20\x61\x77\x61\x79\x0a\x59\x6f\x75\x72\x20\x63\x68\x6f\x69\x63\x65\x20\x3a\x20"

<-------------------- read ------------------>
3

r_8 = "\x33\x0a"

<-------------------- write ----------------->
name is : 123123

welcome to the battle
Pick your weapon
1.Get an gun
2.change a weapon
3.Discard your gun
4.run away
Your choice : 
w_9 = "\x6e\x61\x6d\x65\x20\x69\x73\x20\x3a\x20\x31\x32\x33\x31\x32\x33\x0a\x0a\x77\x65\x6c\x63\x6f\x6d\x65\x20\x74\x6f\x20\x74\x68\x65\x20\x62\x61\x74\x74\x6c\x65\x0a\x50\x69\x63\x6b\x20\x79\x6f\x75\x72\x20\x77\x65\x61\x70\x6f\x6e\x0a\x31\x2e\x47\x65\x74\x20\x61\x6e\x20\x67\x75\x6e\x0a\x32\x2e\x63\x68\x61\x6e\x67\x65\x20\x61\x20\x77\x65\x61\x70\x6f\x6e\x0a\x33\x2e\x44\x69\x73\x63\x61\x72\x64\x20\x79\x6f\x75\x72\x20\x67\x75\x6e\x0a\x34\x2e\x72\x75\x6e\x20\x61\x77\x61\x79\x0a\x59\x6f\x75\x72\x20\x63\x68\x6f\x69\x63\x65\x20\x3a\x20"

<-------------------- read ------------------>
3

r_9 = "\x33\x0a"

<-------------------- write ----------------->
name is : 123123

welcome to the battle
Pick your weapon
1.Get an gun
2.change a weapon
3.Discard your gun
4.run away
Your choice : 
w_10 = "\x6e\x61\x6d\x65\x20\x69\x73\x20\x3a\x20\x31\x32\x33\x31\x32\x33\x0a\x0a\x77\x65\x6c\x63\x6f\x6d\x65\x20\x74\x6f\x20\x74\x68\x65\x20\x62\x61\x74\x74\x6c\x65\x0a\x50\x69\x63\x6b\x20\x79\x6f\x75\x72\x20\x77\x65\x61\x70\x6f\x6e\x0a\x31\x2e\x47\x65\x74\x20\x61\x6e\x20\x67\x75\x6e\x0a\x32\x2e\x63\x68\x61\x6e\x67\x65\x20\x61\x20\x77\x65\x61\x70\x6f\x6e\x0a\x33\x2e\x44\x69\x73\x63\x61\x72\x64\x20\x79\x6f\x75\x72\x20\x67\x75\x6e\x0a\x34\x2e\x72\x75\x6e\x20\x61\x77\x61\x79\x0a\x59\x6f\x75\x72\x20\x63\x68\x6f\x69\x63\x65\x20\x3a\x20"

<-------------------- read ------------------>

33

r_10 = "\x0a\x33\x33\x0a"

<-------------------- write ----------------->
welcome to the battle
Pick your weapon
1.Get an gun
2.change a weapon
3.Discard your gun
4.run away
Your choice : 
w_11 = "\x77\x65\x6c\x63\x6f\x6d\x65\x20\x74\x6f\x20\x74\x68\x65\x20\x62\x61\x74\x74\x6c\x65\x0a\x50\x69\x63\x6b\x20\x79\x6f\x75\x72\x20\x77\x65\x61\x70\x6f\x6e\x0a\x31\x2e\x47\x65\x74\x20\x61\x6e\x20\x67\x75\x6e\x0a\x32\x2e\x63\x68\x61\x6e\x67\x65\x20\x61\x20\x77\x65\x61\x70\x6f\x6e\x0a\x33\x2e\x44\x69\x73\x63\x61\x72\x64\x20\x79\x6f\x75\x72\x20\x67\x75\x6e\x0a\x34\x2e\x72\x75\x6e\x20\x61\x77\x61\x79\x0a\x59\x6f\x75\x72\x20\x63\x68\x6f\x69\x63\x65\x20\x3a\x20"

<-------------------- read ------------------>
3

r_11 = "\x33\x0a"

<-------------------- write ----------------->
name is : 123123

welcome to the battle
Pick your weapon
1.Get an gun
2.change a weapon
3.Discard your gun
4.run away
Your choice : 
w_12 = "\x6e\x61\x6d\x65\x20\x69\x73\x20\x3a\x20\x31\x32\x33\x31\x32\x33\x0a\x0a\x77\x65\x6c\x63\x6f\x6d\x65\x20\x74\x6f\x20\x74\x68\x65\x20\x62\x61\x74\x74\x6c\x65\x0a\x50\x69\x63\x6b\x20\x79\x6f\x75\x72\x20\x77\x65\x61\x70\x6f\x6e\x0a\x31\x2e\x47\x65\x74\x20\x61\x6e\x20\x67\x75\x6e\x0a\x32\x2e\x63\x68\x61\x6e\x67\x65\x20\x61\x20\x77\x65\x61\x70\x6f\x6e\x0a\x33\x2e\x44\x69\x73\x63\x61\x72\x64\x20\x79\x6f\x75\x72\x20\x67\x75\x6e\x0a\x34\x2e\x72\x75\x6e\x20\x61\x77\x61\x79\x0a\x59\x6f\x75\x72\x20\x63\x68\x6f\x69\x63\x65\x20\x3a\x20"

<-------------------- read ------------------>
2342

r_12 = "\x32\x33\x34\x32\x0a"

<-------------------- write ----------------->
welcome to the battle
Pick your weapon
1.Get an gun
2.change a weapon
3.Discard your gun
4.run away
Your choice : 
w_13 = "\x77\x65\x6c\x63\x6f\x6d\x65\x20\x74\x6f\x20\x74\x68\x65\x20\x62\x61\x74\x74\x6c\x65\x0a\x50\x69\x63\x6b\x20\x79\x6f\x75\x72\x20\x77\x65\x61\x70\x6f\x6e\x0a\x31\x2e\x47\x65\x74\x20\x61\x6e\x20\x67\x75\x6e\x0a\x32\x2e\x63\x68\x61\x6e\x67\x65\x20\x61\x20\x77\x65\x61\x70\x6f\x6e\x0a\x33\x2e\x44\x69\x73\x63\x61\x72\x64\x20\x79\x6f\x75\x72\x20\x67\x75\x6e\x0a\x34\x2e\x72\x75\x6e\x20\x61\x77\x61\x79\x0a\x59\x6f\x75\x72\x20\x63\x68\x6f\x69\x63\x65\x20\x3a\x20"

<-------------------- read ------------------>
qdqwe

r_13 = "\x71\x64\x71\x77\x65\x0a"

<-------------------- write ----------------->
welcome to the battle
Pick your weapon
1.Get an gun
2.change a weapon
3.Discard your gun
4.run away
Your choice : welcome to the battle
Pick your weapon
1.Get an gun
2.change a weapon
3.Discard your gun
4.run away
Your choice : welcome to the battle
Pick your weapon
1.Get an gun
2.change a weapon
3.Discard your gun
4.run away
Your choice : welcome to the battle
Pick your weapon
1.Get an gun
2.change a weapon
3.Discard your gun
4.run away
Your choice : welcome to the battle
Pick your weapon
1.Get an gun
2.change a weapon
3.Discard your gun
4.run away
Your choice : 
w_14 = "\x77\x65\x6c\x63\x6f\x6d\x65\x20\x74\x6f\x20\x74\x68\x65\x20\x62\x61\x74\x74\x6c\x65\x0a\x50\x69\x63\x6b\x20\x79\x6f\x75\x72\x20\x77\x65\x61\x70\x6f\x6e\x0a\x31\x2e\x47\x65\x74\x20\x61\x6e\x20\x67\x75\x6e\x0a\x32\x2e\x63\x68\x61\x6e\x67\x65\x20\x61\x20\x77\x65\x61\x70\x6f\x6e\x0a\x33\x2e\x44\x69\x73\x63\x61\x72\x64\x20\x79\x6f\x75\x72\x20\x67\x75\x6e\x0a\x34\x2e\x72\x75\x6e\x20\x61\x77\x61\x79\x0a\x59\x6f\x75\x72\x20\x63\x68\x6f\x69\x63\x65\x20\x3a\x20\x77\x65\x6c\x63\x6f\x6d\x65\x20\x74\x6f\x20\x74\x68\x65\x20\x62\x61\x74\x74\x6c\x65\x0a\x50\x69\x63\x6b\x20\x79\x6f\x75\x72\x20\x77\x65\x61\x70\x6f\x6e\x0a\x31\x2e\x47\x65\x74\x20\x61\x6e\x20\x67\x75\x6e\x0a\x32\x2e\x63\x68\x61\x6e\x67\x65\x20\x61\x20\x77\x65\x61\x70\x6f\x6e\x0a\x33\x2e\x44\x69\x73\x63\x61\x72\x64\x20\x79\x6f\x75\x72\x20\x67\x75\x6e\x0a\x34\x2e\x72\x75\x6e\x20\x61\x77\x61\x79\x0a\x59\x6f\x75\x72\x20\x63\x68\x6f\x69\x63\x65\x20\x3a\x20\x77\x65\x6c\x63\x6f\x6d\x65\x20\x74\x6f\x20\x74\x68\x65\x20\x62\x61\x74\x74\x6c\x65\x0a\x50\x69\x63\x6b\x20\x79\x6f\x75\x72\x20\x77\x65\x61\x70\x6f\x6e\x0a\x31\x2e\x47\x65\x74\x20\x61\x6e\x20\x67\x75\x6e\x0a\x32\x2e\x63\x68\x61\x6e\x67\x65\x20\x61\x20\x77\x65\x61\x70\x6f\x6e\x0a\x33\x2e\x44\x69\x73\x63\x61\x72\x64\x20\x79\x6f\x75\x72\x20\x67\x75\x6e\x0a\x34\x2e\x72\x75\x6e\x20\x61\x77\x61\x79\x0a\x59\x6f\x75\x72\x20\x63\x68\x6f\x69\x63\x65\x20\x3a\x20\x77\x65\x6c\x63\x6f\x6d\x65\x20\x74\x6f\x20\x74\x68\x65\x20\x62\x61\x74\x74\x6c\x65\x0a\x50\x69\x63\x6b\x20\x79\x6f\x75\x72\x20\x77\x65\x61\x70\x6f\x6e\x0a\x31\x2e\x47\x65\x74\x20\x61\x6e\x20\x67\x75\x6e\x0a\x32\x2e\x63\x68\x61\x6e\x67\x65\x20\x61\x20\x77\x65\x61\x70\x6f\x6e\x0a\x33\x2e\x44\x69\x73\x63\x61\x72\x64\x20\x79\x6f\x75\x72\x20\x67\x75\x6e\x0a\x34\x2e\x72\x75\x6e\x20\x61\x77\x61\x79\x0a\x59\x6f\x75\x72\x20\x63\x68\x6f\x69\x63\x65\x20\x3a\x20\x77\x65\x6c\x63\x6f\x6d\x65\x20\x74\x6f\x20\x74\x68\x65\x20\x62\x61\x74\x74\x6c\x65\x0a\x50\x69\x63\x6b\x20\x79\x6f\x75\x72\x20\x77\x65\x61\x70\x6f\x6e\x0a\x31\x2e\x47\x65\x74\x20\x61\x6e\x20\x67\x75\x6e\x0a\x32\x2e\x63\x68\x61\x6e\x67\x65\x20\x61\x20\x77\x65\x61\x70\x6f\x6e\x0a\x33\x2e\x44\x69\x73\x63\x61\x72\x64\x20\x79\x6f\x75\x72\x20\x67\x75\x6e\x0a\x34\x2e\x72\x75\x6e\x20\x61\x77\x61\x79\x0a\x59\x6f\x75\x72\x20\x63\x68\x6f\x69\x63\x65\x20\x3a\x20"

<-------------------- read ------------------>
q

r_14 = "\x71\x0a"

<-------------------- write ----------------->
welcome to the battle
Pick your weapon
1.Get an gun
2.change a weapon
3.Discard your gun
4.run away
Your choice : 
w_15 = "\x77\x65\x6c\x63\x6f\x6d\x65\x20\x74\x6f\x20\x74\x68\x65\x20\x62\x61\x74\x74\x6c\x65\x0a\x50\x69\x63\x6b\x20\x79\x6f\x75\x72\x20\x77\x65\x61\x70\x6f\x6e\x0a\x31\x2e\x47\x65\x74\x20\x61\x6e\x20\x67\x75\x6e\x0a\x32\x2e\x63\x68\x61\x6e\x67\x65\x20\x61\x20\x77\x65\x61\x70\x6f\x6e\x0a\x33\x2e\x44\x69\x73\x63\x61\x72\x64\x20\x79\x6f\x75\x72\x20\x67\x75\x6e\x0a\x34\x2e\x72\x75\x6e\x20\x61\x77\x61\x79\x0a\x59\x6f\x75\x72\x20\x63\x68\x6f\x69\x63\x65\x20\x3a\x20"

<-------------------- read ------------------>
qweqweqw

r_15 = "\x71\x77\x65\x71\x77\x65\x71\x77\x0a"

<-------------------- write ----------------->
welcome to the battle
Pick your weapon
1.Get an gun
2.change a weapon
3.Discard your gun
4.run away
Your choice : welcome to the battle
Pick your weapon
1.Get an gun
2.change a weapon
3.Discard your gun
4.run away
Your choice : welcome to the battle
Pick your weapon
1.Get an gun
2.change a weapon
3.Discard your gun
4.run away
Your choice : welcome to the battle
Pick your weapon
1.Get an gun
2.change a weapon
3.Discard your gun
4.run away
Your choice : welcome to the battle
Pick your weapon
1.Get an gun
2.change a weapon
3.Discard your gun
4.run away
Your choice : welcome to the battle
Pick your weapon
1.Get an gun
2.change a weapon
3.Discard your gun
4.run away
Your choice : welcome to the battle
Pick your weapon
1.Get an gun
2.change a weapon
3.Discard your gun
4.run away
Your choice : welcome to the battle
Pick your weapon
1.Get an gun
2.change a weapon
3.Discard your gun
4.run away
Your choice : 
w_16 = "\x77\x65\x6c\x63\x6f\x6d\x65\x20\x74\x6f\x20\x74\x68\x65\x20\x62\x61\x74\x74\x6c\x65\x0a\x50\x69\x63\x6b\x20\x79\x6f\x75\x72\x20\x77\x65\x61\x70\x6f\x6e\x0a\x31\x2e\x47\x65\x74\x20\x61\x6e\x20\x67\x75\x6e\x0a\x32\x2e\x63\x68\x61\x6e\x67\x65\x20\x61\x20\x77\x65\x61\x70\x6f\x6e\x0a\x33\x2e\x44\x69\x73\x63\x61\x72\x64\x20\x79\x6f\x75\x72\x20\x67\x75\x6e\x0a\x34\x2e\x72\x75\x6e\x20\x61\x77\x61\x79\x0a\x59\x6f\x75\x72\x20\x63\x68\x6f\x69\x63\x65\x20\x3a\x20\x77\x65\x6c\x63\x6f\x6d\x65\x20\x74\x6f\x20\x74\x68\x65\x20\x62\x61\x74\x74\x6c\x65\x0a\x50\x69\x63\x6b\x20\x79\x6f\x75\x72\x20\x77\x65\x61\x70\x6f\x6e\x0a\x31\x2e\x47\x65\x74\x20\x61\x6e\x20\x67\x75\x6e\x0a\x32\x2e\x63\x68\x61\x6e\x67\x65\x20\x61\x20\x77\x65\x61\x70\x6f\x6e\x0a\x33\x2e\x44\x69\x73\x63\x61\x72\x64\x20\x79\x6f\x75\x72\x20\x67\x75\x6e\x0a\x34\x2e\x72\x75\x6e\x20\x61\x77\x61\x79\x0a\x59\x6f\x75\x72\x20\x63\x68\x6f\x69\x63\x65\x20\x3a\x20\x77\x65\x6c\x63\x6f\x6d\x65\x20\x74\x6f\x20\x74\x68\x65\x20\x62\x61\x74\x74\x6c\x65\x0a\x50\x69\x63\x6b\x20\x79\x6f\x75\x72\x20\x77\x65\x61\x70\x6f\x6e\x0a\x31\x2e\x47\x65\x74\x20\x61\x6e\x20\x67\x75\x6e\x0a\x32\x2e\x63\x68\x61\x6e\x67\x65\x20\x61\x20\x77\x65\x61\x70\x6f\x6e\x0a\x33\x2e\x44\x69\x73\x63\x61\x72\x64\x20\x79\x6f\x75\x72\x20\x67\x75\x6e\x0a\x34\x2e\x72\x75\x6e\x20\x61\x77\x61\x79\x0a\x59\x6f\x75\x72\x20\x63\x68\x6f\x69\x63\x65\x20\x3a\x20\x77\x65\x6c\x63\x6f\x6d\x65\x20\x74\x6f\x20\x74\x68\x65\x20\x62\x61\x74\x74\x6c\x65\x0a\x50\x69\x63\x6b\x20\x79\x6f\x75\x72\x20\x77\x65\x61\x70\x6f\x6e\x0a\x31\x2e\x47\x65\x74\x20\x61\x6e\x20\x67\x75\x6e\x0a\x32\x2e\x63\x68\x61\x6e\x67\x65\x20\x61\x20\x77\x65\x61\x70\x6f\x6e\x0a\x33\x2e\x44\x69\x73\x63\x61\x72\x64\x20\x79\x6f\x75\x72\x20\x67\x75\x6e\x0a\x34\x2e\x72\x75\x6e\x20\x61\x77\x61\x79\x0a\x59\x6f\x75\x72\x20\x63\x68\x6f\x69\x63\x65\x20\x3a\x20\x77\x65\x6c\x63\x6f\x6d\x65\x20\x74\x6f\x20\x74\x68\x65\x20\x62\x61\x74\x74\x6c\x65\x0a\x50\x69\x63\x6b\x20\x79\x6f\x75\x72\x20\x77\x65\x61\x70\x6f\x6e\x0a\x31\x2e\x47\x65\x74\x20\x61\x6e\x20\x67\x75\x6e\x0a\x32\x2e\x63\x68\x61\x6e\x67\x65\x20\x61\x20\x77\x65\x61\x70\x6f\x6e\x0a\x33\x2e\x44\x69\x73\x63\x61\x72\x64\x20\x79\x6f\x75\x72\x20\x67\x75\x6e\x0a\x34\x2e\x72\x75\x6e\x20\x61\x77\x61\x79\x0a\x59\x6f\x75\x72\x20\x63\x68\x6f\x69\x63\x65\x20\x3a\x20\x77\x65\x6c\x63\x6f\x6d\x65\x20\x74\x6f\x20\x74\x68\x65\x20\x62\x61\x74\x74\x6c\x65\x0a\x50\x69\x63\x6b\x20\x79\x6f\x75\x72\x20\x77\x65\x61\x70\x6f\x6e\x0a\x31\x2e\x47\x65\x74\x20\x61\x6e\x20\x67\x75\x6e\x0a\x32\x2e\x63\x68\x61\x6e\x67\x65\x20\x61\x20\x77\x65\x61\x70\x6f\x6e\x0a\x33\x2e\x44\x69\x73\x63\x61\x72\x64\x20\x79\x6f\x75\x72\x20\x67\x75\x6e\x0a\x34\x2e\x72\x75\x6e\x20\x61\x77\x61\x79\x0a\x59\x6f\x75\x72\x20\x63\x68\x6f\x69\x63\x65\x20\x3a\x20\x77\x65\x6c\x63\x6f\x6d\x65\x20\x74\x6f\x20\x74\x68\x65\x20\x62\x61\x74\x74\x6c\x65\x0a\x50\x69\x63\x6b\x20\x79\x6f\x75\x72\x20\x77\x65\x61\x70\x6f\x6e\x0a\x31\x2e\x47\x65\x74\x20\x61\x6e\x20\x67\x75\x6e\x0a\x32\x2e\x63\x68\x61\x6e\x67\x65\x20\x61\x20\x77\x65\x61\x70\x6f\x6e\x0a\x33\x2e\x44\x69\x73\x63\x61\x72\x64\x20\x79\x6f\x75\x72\x20\x67\x75\x6e\x0a\x34\x2e\x72\x75\x6e\x20\x61\x77\x61\x79\x0a\x59\x6f\x75\x72\x20\x63\x68\x6f\x69\x63\x65\x20\x3a\x20\x77\x65\x6c\x63\x6f\x6d\x65\x20\x74\x6f\x20\x74\x68\x65\x20\x62\x61\x74\x74\x6c\x65\x0a\x50\x69\x63\x6b\x20\x79\x6f\x75\x72\x20\x77\x65\x61\x70\x6f\x6e\x0a\x31\x2e\x47\x65\x74\x20\x61\x6e\x20\x67\x75\x6e\x0a\x32\x2e\x63\x68\x61\x6e\x67\x65\x20\x61\x20\x77\x65\x61\x70\x6f\x6e\x0a\x33\x2e\x44\x69\x73\x63\x61\x72\x64\x20\x79\x6f\x75\x72\x20\x67\x75\x6e\x0a\x34\x2e\x72\x75\x6e\x20\x61\x77\x61\x79\x0a\x59\x6f\x75\x72\x20\x63\x68\x6f\x69\x63\x65\x20\x3a\x20"

<-------------------- read ------------------>
4

r_16 = "\x34\x0a"

<-------------------- write ----------------->
welcome to the battle
Pick your weapon
1.Get an gun
2.change a weapon
3.Discard your gun
4.run away
Your choice : 
w_17 = "\x77\x65\x6c\x63\x6f\x6d\x65\x20\x74\x6f\x20\x74\x68\x65\x20\x62\x61\x74\x74\x6c\x65\x0a\x50\x69\x63\x6b\x20\x79\x6f\x75\x72\x20\x77\x65\x61\x70\x6f\x6e\x0a\x31\x2e\x47\x65\x74\x20\x61\x6e\x20\x67\x75\x6e\x0a\x32\x2e\x63\x68\x61\x6e\x67\x65\x20\x61\x20\x77\x65\x61\x70\x6f\x6e\x0a\x33\x2e\x44\x69\x73\x63\x61\x72\x64\x20\x79\x6f\x75\x72\x20\x67\x75\x6e\x0a\x34\x2e\x72\x75\x6e\x20\x61\x77\x61\x79\x0a\x59\x6f\x75\x72\x20\x63\x68\x6f\x69\x63\x65\x20\x3a\x20"

<-------------------- read ------------------>
4

r_17 = "\x34\x0a"

<-------------------- write ----------------->
welcome to the battle
Pick your weapon
1.Get an gun
2.change a weapon
3.Discard your gun
4.run away
Your choice : 
w_18 = "\x77\x65\x6c\x63\x6f\x6d\x65\x20\x74\x6f\x20\x74\x68\x65\x20\x62\x61\x74\x74\x6c\x65\x0a\x50\x69\x63\x6b\x20\x79\x6f\x75\x72\x20\x77\x65\x61\x70\x6f\x6e\x0a\x31\x2e\x47\x65\x74\x20\x61\x6e\x20\x67\x75\x6e\x0a\x32\x2e\x63\x68\x61\x6e\x67\x65\x20\x61\x20\x77\x65\x61\x70\x6f\x6e\x0a\x33\x2e\x44\x69\x73\x63\x61\x72\x64\x20\x79\x6f\x75\x72\x20\x67\x75\x6e\x0a\x34\x2e\x72\x75\x6e\x20\x61\x77\x61\x79\x0a\x59\x6f\x75\x72\x20\x63\x68\x6f\x69\x63\x65\x20\x3a\x20"

<-------------------- read ------------------>
4

r_18 = "\x34\x0a"

<-------------------- write ----------------->
welcome to the battle
Pick your weapon
1.Get an gun
2.change a weapon
3.Discard your gun
4.run away
Your choice : 
w_19 = "\x77\x65\x6c\x63\x6f\x6d\x65\x20\x74\x6f\x20\x74\x68\x65\x20\x62\x61\x74\x74\x6c\x65\x0a\x50\x69\x63\x6b\x20\x79\x6f\x75\x72\x20\x77\x65\x61\x70\x6f\x6e\x0a\x31\x2e\x47\x65\x74\x20\x61\x6e\x20\x67\x75\x6e\x0a\x32\x2e\x63\x68\x61\x6e\x67\x65\x20\x61\x20\x77\x65\x61\x70\x6f\x6e\x0a\x33\x2e\x44\x69\x73\x63\x61\x72\x64\x20\x79\x6f\x75\x72\x20\x67\x75\x6e\x0a\x34\x2e\x72\x75\x6e\x20\x61\x77\x61\x79\x0a\x59\x6f\x75\x72\x20\x63\x68\x6f\x69\x63\x65\x20\x3a\x20"

<-------------------- read ------------------>
4

r_19 = "\x34\x0a"

<-------------------- write ----------------->
welcome to the battle
Pick your weapon
1.Get an gun
2.change a weapon
3.Discard your gun
4.run away
Your choice : 
w_20 = "\x77\x65\x6c\x63\x6f\x6d\x65\x20\x74\x6f\x20\x74\x68\x65\x20\x62\x61\x74\x74\x6c\x65\x0a\x50\x69\x63\x6b\x20\x79\x6f\x75\x72\x20\x77\x65\x61\x70\x6f\x6e\x0a\x31\x2e\x47\x65\x74\x20\x61\x6e\x20\x67\x75\x6e\x0a\x32\x2e\x63\x68\x61\x6e\x67\x65\x20\x61\x20\x77\x65\x61\x70\x6f\x6e\x0a\x33\x2e\x44\x69\x73\x63\x61\x72\x64\x20\x79\x6f\x75\x72\x20\x67\x75\x6e\x0a\x34\x2e\x72\x75\x6e\x20\x61\x77\x61\x79\x0a\x59\x6f\x75\x72\x20\x63\x68\x6f\x69\x63\x65\x20\x3a\x20"

<-------------------- read ------------------>
4

r_20 = "\x34\x0a"

<-------------------- write ----------------->
welcome to the battle
Pick your weapon
1.Get an gun
2.change a weapon
3.Discard your gun
4.run away
Your choice : 
w_21 = "\x77\x65\x6c\x63\x6f\x6d\x65\x20\x74\x6f\x20\x74\x68\x65\x20\x62\x61\x74\x74\x6c\x65\x0a\x50\x69\x63\x6b\x20\x79\x6f\x75\x72\x20\x77\x65\x61\x70\x6f\x6e\x0a\x31\x2e\x47\x65\x74\x20\x61\x6e\x20\x67\x75\x6e\x0a\x32\x2e\x63\x68\x61\x6e\x67\x65\x20\x61\x20\x77\x65\x61\x70\x6f\x6e\x0a\x33\x2e\x44\x69\x73\x63\x61\x72\x64\x20\x79\x6f\x75\x72\x20\x67\x75\x6e\x0a\x34\x2e\x72\x75\x6e\x20\x61\x77\x61\x79\x0a\x59\x6f\x75\x72\x20\x63\x68\x6f\x69\x63\x65\x20\x3a\x20"

<-------------------- read ------------------>
4

r_21 = "\x34\x0a"

<-------------------- write ----------------->
welcome to the battle
Pick your weapon
1.Get an gun
2.change a weapon
3.Discard your gun
4.run away
Your choice : 
w_22 = "\x77\x65\x6c\x63\x6f\x6d\x65\x20\x74\x6f\x20\x74\x68\x65\x20\x62\x61\x74\x74\x6c\x65\x0a\x50\x69\x63\x6b\x20\x79\x6f\x75\x72\x20\x77\x65\x61\x70\x6f\x6e\x0a\x31\x2e\x47\x65\x74\x20\x61\x6e\x20\x67\x75\x6e\x0a\x32\x2e\x63\x68\x61\x6e\x67\x65\x20\x61\x20\x77\x65\x61\x70\x6f\x6e\x0a\x33\x2e\x44\x69\x73\x63\x61\x72\x64\x20\x79\x6f\x75\x72\x20\x67\x75\x6e\x0a\x34\x2e\x72\x75\x6e\x20\x61\x77\x61\x79\x0a\x59\x6f\x75\x72\x20\x63\x68\x6f\x69\x63\x65\x20\x3a\x20"

<-------------------- read ------------------>
4

r_22 = "\x34\x0a"

<-------------------- write ----------------->
welcome to the battle
Pick your weapon
1.Get an gun
2.change a weapon
3.Discard your gun
4.run away
Your choice : 
w_23 = "\x77\x65\x6c\x63\x6f\x6d\x65\x20\x74\x6f\x20\x74\x68\x65\x20\x62\x61\x74\x74\x6c\x65\x0a\x50\x69\x63\x6b\x20\x79\x6f\x75\x72\x20\x77\x65\x61\x70\x6f\x6e\x0a\x31\x2e\x47\x65\x74\x20\x61\x6e\x20\x67\x75\x6e\x0a\x32\x2e\x63\x68\x61\x6e\x67\x65\x20\x61\x20\x77\x65\x61\x70\x6f\x6e\x0a\x33\x2e\x44\x69\x73\x63\x61\x72\x64\x20\x79\x6f\x75\x72\x20\x67\x75\x6e\x0a\x34\x2e\x72\x75\x6e\x20\x61\x77\x61\x79\x0a\x59\x6f\x75\x72\x20\x63\x68\x6f\x69\x63\x65\x20\x3a\x20"

<-------------------- read ------------------>
132123

r_23 = "\x31\x33\x32\x31\x32\x33\x0a"

<-------------------- write ----------------->
welcome to the battle
Pick your weapon
1.Get an gun
2.change a weapon
3.Discard your gun
4.run away
Your choice : 
w_24 = "\x77\x65\x6c\x63\x6f\x6d\x65\x20\x74\x6f\x20\x74\x68\x65\x20\x62\x61\x74\x74\x6c\x65\x0a\x50\x69\x63\x6b\x20\x79\x6f\x75\x72\x20\x77\x65\x61\x70\x6f\x6e\x0a\x31\x2e\x47\x65\x74\x20\x61\x6e\x20\x67\x75\x6e\x0a\x32\x2e\x63\x68\x61\x6e\x67\x65\x20\x61\x20\x77\x65\x61\x70\x6f\x6e\x0a\x33\x2e\x44\x69\x73\x63\x61\x72\x64\x20\x79\x6f\x75\x72\x20\x67\x75\x6e\x0a\x34\x2e\x72\x75\x6e\x20\x61\x77\x61\x79\x0a\x59\x6f\x75\x72\x20\x63\x68\x6f\x69\x63\x65\x20\x3a\x20"

<-------------------- read ------------------>
OP

r_24 = "\x1b\x4f\x50\x0a"

<-------------------- write ----------------->
welcome to the battle
Pick your weapon
1.Get an gun
2.change a weapon
3.Discard your gun
4.run away
Your choice : welcome to the battle
Pick your weapon
1.Get an gun
2.change a weapon
3.Discard your gun
4.run away
Your choice : welcome to the battle
Pick your weapon
1.Get an gun
2.change a weapon
3.Discard your gun
4.run away
Your choice : 
w_25 = "\x77\x65\x6c\x63\x6f\x6d\x65\x20\x74\x6f\x20\x74\x68\x65\x20\x62\x61\x74\x74\x6c\x65\x0a\x50\x69\x63\x6b\x20\x79\x6f\x75\x72\x20\x77\x65\x61\x70\x6f\x6e\x0a\x31\x2e\x47\x65\x74\x20\x61\x6e\x20\x67\x75\x6e\x0a\x32\x2e\x63\x68\x61\x6e\x67\x65\x20\x61\x20\x77\x65\x61\x70\x6f\x6e\x0a\x33\x2e\x44\x69\x73\x63\x61\x72\x64\x20\x79\x6f\x75\x72\x20\x67\x75\x6e\x0a\x34\x2e\x72\x75\x6e\x20\x61\x77\x61\x79\x0a\x59\x6f\x75\x72\x20\x63\x68\x6f\x69\x63\x65\x20\x3a\x20\x77\x65\x6c\x63\x6f\x6d\x65\x20\x74\x6f\x20\x74\x68\x65\x20\x62\x61\x74\x74\x6c\x65\x0a\x50\x69\x63\x6b\x20\x79\x6f\x75\x72\x20\x77\x65\x61\x70\x6f\x6e\x0a\x31\x2e\x47\x65\x74\x20\x61\x6e\x20\x67\x75\x6e\x0a\x32\x2e\x63\x68\x61\x6e\x67\x65\x20\x61\x20\x77\x65\x61\x70\x6f\x6e\x0a\x33\x2e\x44\x69\x73\x63\x61\x72\x64\x20\x79\x6f\x75\x72\x20\x67\x75\x6e\x0a\x34\x2e\x72\x75\x6e\x20\x61\x77\x61\x79\x0a\x59\x6f\x75\x72\x20\x63\x68\x6f\x69\x63\x65\x20\x3a\x20\x77\x65\x6c\x63\x6f\x6d\x65\x20\x74\x6f\x20\x74\x68\x65\x20\x62\x61\x74\x74\x6c\x65\x0a\x50\x69\x63\x6b\x20\x79\x6f\x75\x72\x20\x77\x65\x61\x70\x6f\x6e\x0a\x31\x2e\x47\x65\x74\x20\x61\x6e\x20\x67\x75\x6e\x0a\x32\x2e\x63\x68\x61\x6e\x67\x65\x20\x61\x20\x77\x65\x61\x70\x6f\x6e\x0a\x33\x2e\x44\x69\x73\x63\x61\x72\x64\x20\x79\x6f\x75\x72\x20\x67\x75\x6e\x0a\x34\x2e\x72\x75\x6e\x20\x61\x77\x61\x79\x0a\x59\x6f\x75\x72\x20\x63\x68\x6f\x69\x63\x65\x20\x3a\x20"

<-------------------- read ------------------>
1

r_25 = "\x31\x0a"

<-------------------- write ----------------->
size of it

w_26 = "\x73\x69\x7a\x65\x20\x6f\x66\x20\x69\x74\x0a"

<-------------------- read ------------------>
exit

r_26 = "\x65\x78\x69\x74\x0a"

<-------------------- write ----------------->
Name?

welcome to the battle
Pick your weapon
1.Get an gun
2.change a weapon
3.Discard your gun
4.run away
Your choice : size of it

w_27 = "\x4e\x61\x6d\x65\x3f\x0a\x0a\x77\x65\x6c\x63\x6f\x6d\x65\x20\x74\x6f\x20\x74\x68\x65\x20\x62\x61\x74\x74\x6c\x65\x0a\x50\x69\x63\x6b\x20\x79\x6f\x75\x72\x20\x77\x65\x61\x70\x6f\x6e\x0a\x31\x2e\x47\x65\x74\x20\x61\x6e\x20\x67\x75\x6e\x0a\x32\x2e\x63\x68\x61\x6e\x67\x65\x20\x61\x20\x77\x65\x61\x70\x6f\x6e\x0a\x33\x2e\x44\x69\x73\x63\x61\x72\x64\x20\x79\x6f\x75\x72\x20\x67\x75\x6e\x0a\x34\x2e\x72\x75\x6e\x20\x61\x77\x61\x79\x0a\x59\x6f\x75\x72\x20\x63\x68\x6f\x69\x63\x65\x20\x3a\x20\x73\x69\x7a\x65\x20\x6f\x66\x20\x69\x74\x0a"

<-------------------- read ------------------>




r_27 = "\x0a\x0a\x0a"
