// Date: 2021-11-27 08:52:28
// SKYCTF PWN WAF
// Deved By I0gan
team_name: Gerontic_D1no

user_name: 68


<-------------------- write ----------------->
Welcome to the game .
now it's time to start !
please input a str:
w_0 = "\x57\x65\x6c\x63\x6f\x6d\x65\x20\x74\x6f\x20\x74\x68\x65\x20\x67\x61\x6d\x65\x20\x2e\x0a\x6e\x6f\x77\x20\x69\x74\x27\x73\x20\x74\x69\x6d\x65\x20\x74\x6f\x20\x73\x74\x61\x72\x74\x20\x21\x0a\x70\x6c\x65\x61\x73\x65\x20\x69\x6e\x70\x75\x74\x20\x61\x20\x73\x74\x72\x3a"

<-------------------- read ------------------>
N0_py_1n_tHe_ct7

r_0 = "\x4e\x30\x5f\x70\x79\x5f\x31\x6e\x5f\x74\x48\x65\x5f\x63\x74\x37\x0a"

<-------------------- write ----------------->
1) add a chunk
2) show content
3) edit a chunk
4) delete a chunk
>
w_1 = "\x31\x29\x20\x61\x64\x64\x20\x61\x20\x63\x68\x75\x6e\x6b\x0a\x32\x29\x20\x73\x68\x6f\x77\x20\x63\x6f\x6e\x74\x65\x6e\x74\x0a\x33\x29\x20\x65\x64\x69\x74\x20\x61\x20\x63\x68\x75\x6e\x6b\x0a\x34\x29\x20\x64\x65\x6c\x65\x74\x65\x20\x61\x20\x63\x68\x75\x6e\x6b\x0a\x3e"

<-------------------- read ------------------>
1

r_1 = "\x31\x0a"

<-------------------- write ----------------->
Index?

w_2 = "\x49\x6e\x64\x65\x78\x3f\x0a"

<-------------------- read ------------------>
0

r_2 = "\x30\x0a"

<-------------------- write ----------------->
Size?

w_3 = "\x53\x69\x7a\x65\x3f\x0a"

<-------------------- read ------------------>
1264

r_3 = "\x31\x32\x36\x34\x0a"

<-------------------- write ----------------->
1) add a chunk
2) show content
3) edit a chunk
4) delete a chunk
>
w_4 = "\x31\x29\x20\x61\x64\x64\x20\x61\x20\x63\x68\x75\x6e\x6b\x0a\x32\x29\x20\x73\x68\x6f\x77\x20\x63\x6f\x6e\x74\x65\x6e\x74\x0a\x33\x29\x20\x65\x64\x69\x74\x20\x61\x20\x63\x68\x75\x6e\x6b\x0a\x34\x29\x20\x64\x65\x6c\x65\x74\x65\x20\x61\x20\x63\x68\x75\x6e\x6b\x0a\x3e"

<-------------------- read ------------------>
1

r_4 = "\x31\x0a"

<-------------------- write ----------------->
Index?
w_5 = "\x49\x6e\x64\x65\x78\x3f"

<-------------------- read ------------------>
1

r_5 = "\x31\x0a"

<-------------------- write ----------------->

Size?

w_6 = "\x0a\x53\x69\x7a\x65\x3f\x0a"

<-------------------- read ------------------>
24

r_6 = "\x32\x34\x0a"

<-------------------- write ----------------->
1) add a chunk
2) show content
3) edit a chunk
4) delete a chunk
>
w_7 = "\x31\x29\x20\x61\x64\x64\x20\x61\x20\x63\x68\x75\x6e\x6b\x0a\x32\x29\x20\x73\x68\x6f\x77\x20\x63\x6f\x6e\x74\x65\x6e\x74\x0a\x33\x29\x20\x65\x64\x69\x74\x20\x61\x20\x63\x68\x75\x6e\x6b\x0a\x34\x29\x20\x64\x65\x6c\x65\x74\x65\x20\x61\x20\x63\x68\x75\x6e\x6b\x0a\x3e"

<-------------------- read ------------------>
1

r_7 = "\x31\x0a"

<-------------------- write ----------------->
Index?
w_8 = "\x49\x6e\x64\x65\x78\x3f"

<-------------------- read ------------------>
2

r_8 = "\x32\x0a"

<-------------------- write ----------------->

Size?

w_9 = "\x0a\x53\x69\x7a\x65\x3f\x0a"

<-------------------- read ------------------>
1264

r_9 = "\x31\x32\x36\x34\x0a"

<-------------------- write ----------------->
1) add a chunk
2) show content
3) edit a chunk
4) delete a chunk
>
w_10 = "\x31\x29\x20\x61\x64\x64\x20\x61\x20\x63\x68\x75\x6e\x6b\x0a\x32\x29\x20\x73\x68\x6f\x77\x20\x63\x6f\x6e\x74\x65\x6e\x74\x0a\x33\x29\x20\x65\x64\x69\x74\x20\x61\x20\x63\x68\x75\x6e\x6b\x0a\x34\x29\x20\x64\x65\x6c\x65\x74\x65\x20\x61\x20\x63\x68\x75\x6e\x6b\x0a\x3e"

<-------------------- read ------------------>
1

r_10 = "\x31\x0a"

<-------------------- write ----------------->
Index?
w_11 = "\x49\x6e\x64\x65\x78\x3f"

<-------------------- read ------------------>
3

r_11 = "\x33\x0a"

<-------------------- write ----------------->

Size?

w_12 = "\x0a\x53\x69\x7a\x65\x3f\x0a"

<-------------------- read ------------------>
16

r_12 = "\x31\x36\x0a"

<-------------------- write ----------------->
1) add a chunk
2) show content
3) edit a chunk
4) delete a chunk
>
w_13 = "\x31\x29\x20\x61\x64\x64\x20\x61\x20\x63\x68\x75\x6e\x6b\x0a\x32\x29\x20\x73\x68\x6f\x77\x20\x63\x6f\x6e\x74\x65\x6e\x74\x0a\x33\x29\x20\x65\x64\x69\x74\x20\x61\x20\x63\x68\x75\x6e\x6b\x0a\x34\x29\x20\x64\x65\x6c\x65\x74\x65\x20\x61\x20\x63\x68\x75\x6e\x6b\x0a\x3e"

<-------------------- read ------------------>
4

r_13 = "\x34\x0a"

<-------------------- write ----------------->
Index?
w_14 = "\x49\x6e\x64\x65\x78\x3f"

<-------------------- read ------------------>
0

r_14 = "\x30\x0a"

<-------------------- write ----------------->

1) add a chunk
2) show content
3) edit a chunk
4) delete a chunk
>
w_15 = "\x0a\x31\x29\x20\x61\x64\x64\x20\x61\x20\x63\x68\x75\x6e\x6b\x0a\x32\x29\x20\x73\x68\x6f\x77\x20\x63\x6f\x6e\x74\x65\x6e\x74\x0a\x33\x29\x20\x65\x64\x69\x74\x20\x61\x20\x63\x68\x75\x6e\x6b\x0a\x34\x29\x20\x64\x65\x6c\x65\x74\x65\x20\x61\x20\x63\x68\x75\x6e\x6b\x0a\x3e"

<-------------------- read ------------------>
1

r_15 = "\x31\x0a"

<-------------------- write ----------------->
Index?
w_16 = "\x49\x6e\x64\x65\x78\x3f"

<-------------------- read ------------------>
0

r_16 = "\x30\x0a"

<-------------------- write ----------------->

Size?

w_17 = "\x0a\x53\x69\x7a\x65\x3f\x0a"

<-------------------- read ------------------>
1264

r_17 = "\x31\x32\x36\x34\x0a"

<-------------------- write ----------------->
1) add a chunk
2) show content
3) edit a chunk
4) delete a chunk
>
w_18 = "\x31\x29\x20\x61\x64\x64\x20\x61\x20\x63\x68\x75\x6e\x6b\x0a\x32\x29\x20\x73\x68\x6f\x77\x20\x63\x6f\x6e\x74\x65\x6e\x74\x0a\x33\x29\x20\x65\x64\x69\x74\x20\x61\x20\x63\x68\x75\x6e\x6b\x0a\x34\x29\x20\x64\x65\x6c\x65\x74\x65\x20\x61\x20\x63\x68\x75\x6e\x6b\x0a\x3e"

<-------------------- read ------------------>
2

r_18 = "\x32\x0a"

<-------------------- write ----------------->
Index?
w_19 = "\x49\x6e\x64\x65\x78\x3f"

<-------------------- read ------------------>
0

r_19 = "\x30\x0a"

<-------------------- write ----------------->

 ¼‘Ê
1) add a chunk
2) show content
3) edit a chunk
4) delete a chunk
>
w_20 = "\x0a\xa0\xbc\x91\xca\x0a\x31\x29\x20\x61\x64\x64\x20\x61\x20\x63\x68\x75\x6e\x6b\x0a\x32\x29\x20\x73\x68\x6f\x77\x20\x63\x6f\x6e\x74\x65\x6e\x74\x0a\x33\x29\x20\x65\x64\x69\x74\x20\x61\x20\x63\x68\x75\x6e\x6b\x0a\x34\x29\x20\x64\x65\x6c\x65\x74\x65\x20\x61\x20\x63\x68\x75\x6e\x6b\x0a\x3e"
