// Date: 2021-11-27 01:37:00
// SKYCTF PWN WAF
// Deved By I0gan
team_name: DD

user_name: dlddw


<-------------------- read ------------------>
%12$p-%11$p

r_0 = "\x25\x31\x32\x24\x70\x2d\x25\x31\x31\x24\x70\x0a"

<-------------------- write ----------------->
0x557ce9bb7aa0-0x3109d87bc30cb000
|U--+--

w_0 = "\x30\x78\x35\x35\x37\x63\x65\x39\x62\x62\x37\x61\x61\x30\x2d\x30\x78\x33\x31\x30\x39\x64\x38\x37\x62\x63\x33\x30\x63\x62\x30\x30\x30\x0a\x7c\x55\x2d\x2d\x2b\x2d\x2d\x0a"

<-------------------- read ------------------>
ls

r_1 = "\x6c\x73\x0a"

<-------------------- write ----------------->
ls
$p-0x3109d87bc30cb000
|Ulogger: chall env released
logger: sky_token_is_wrong

w_1 = "\x6c\x73\x0a\x24\x70\x2d\x30\x78\x33\x31\x30\x39\x64\x38\x37\x62\x63\x33\x30\x63\x62\x30\x30\x30\x0a\x7c\x55"
