// Date: 2021-11-27 01:45:40
// SKYCTF PWN WAF
// Deved By I0gan
team_name: K@LL

user_name: xuxu


<-------------------- read ------------------>
ls

r_0 = "\x6c\x73\x0a"

<-------------------- write ----------------->
ls

FV--+--

w_0 = "\x6c\x73\x0a\x0a\x46\x56\x2d\x2d\x2b\x2d\x2d\x0a"

<-------------------- read ------------------>
ls

r_1 = "\x6c\x73\x0a"

<-------------------- write ----------------->
ls

FVlogger: chall env released
logger: sky_token_is_wrong

w_1 = "\x6c\x73\x0a\x0a\x46\x56"
