// Date: 2021-11-27 02:15:12
// SKYCTF PWN WAF
// Deved By I0gan
team_name: Ê•º‰∏äÊòØÊàëÂ∞èÂè∑2

user_name: YWHKKX


<-------------------- read ------------------>
-%p-%p-%p-%p-%p-%p-%p-%p-%p-%p

r_0 = "\x2d\x25\x70\x2d\x25\x70\x2d\x25\x70\x2d\x25\x70\x2d\x25\x70\x2d\x25\x70\x2d\x25\x70\x2d\x25\x70\x2d\x25\x70\x2d\x25\x70\x0a"

<-------------------- write ----------------->
-0x7ffe43f2d8e0-0x100-0x7fe3f4822360-0x7fe3f4af1770-0x7fe3f4d18700-0x7ffe43f2d8fe-0x2400000000000000-0x252d70252d70252d-0x2d70252d70252d70-0x70252d70252d7025
,†˙Î—U--+--

w_0 = "\x2d\x30\x78\x37\x66\x66\x65\x34\x33\x66\x32\x64\x38\x65\x30\x2d\x30\x78\x31\x30\x30\x2d\x30\x78\x37\x66\x65\x33\x66\x34\x38\x32\x32\x33\x36\x30\x2d\x30\x78\x37\x66\x65\x33\x66\x34\x61\x66\x31\x37\x37\x30\x2d\x30\x78\x37\x66\x65\x33\x66\x34\x64\x31\x38\x37\x30\x30\x2d\x30\x78\x37\x66\x66\x65\x34\x33\x66\x32\x64\x38\x66\x65\x2d\x30\x78\x32\x34\x30\x30\x30\x30\x30\x30\x30\x30\x30\x30\x30\x30\x30\x30\x2d\x30\x78\x32\x35\x32\x64\x37\x30\x32\x35\x32\x64\x37\x30\x32\x35\x32\x64\x2d\x30\x78\x32\x64\x37\x30\x32\x35\x32\x64\x37\x30\x32\x35\x32\x64\x37\x30\x2d\x30\x78\x37\x30\x32\x35\x32\x64\x37\x30\x32\x35\x32\x64\x37\x30\x32\x35\x0a\x2c\xa0\xfa\xeb\xd1\x7f\x55\x2d\x2d\x2b\x2d\x2d\x0a"

<-------------------- read ------------------>


r_1 = "\x0a"

<-------------------- write ----------------->

0x7ffe43f2d8e0-0x100-0x7fe3f4822360-0x7fe3f4d18700-0xa5-0x7ffe43f2d8fe-0x2400000000000000-0x252d70252d70250a-0x2d70252d70252d70-0x70252d70252d7025
,†˙Î—U*** stack smashing detected ***: /pwn terminated
logger: chall env released
logger: sky_token_is_wrong

w_1 = "\x0a\x30\x78\x37\x66\x66\x65\x34\x33\x66\x32\x64\x38\x65\x30\x2d\x30\x78\x31\x30\x30\x2d\x30\x78\x37\x66\x65\x33\x66\x34\x38\x32\x32\x33\x36\x30\x2d\x30\x78\x37\x66\x65\x33\x66\x34\x64\x31\x38\x37\x30\x30\x2d\x30\x78\x61\x35\x2d\x30\x78\x37\x66\x66\x65\x34\x33\x66\x32\x64\x38\x66\x65\x2d\x30\x78\x32\x34\x30\x30\x30\x30\x30\x30\x30\x30\x30\x30\x30\x30\x30\x30\x2d\x30\x78\x32\x35\x32\x64\x37\x30\x32\x35\x32\x64\x37\x30\x32\x35\x30\x61\x2d\x30\x78\x32\x64\x37\x30\x32\x35\x32\x64\x37\x30\x32\x35\x32\x64\x37\x30\x2d\x30\x78\x37\x30\x32\x35\x32\x64\x37\x30\x32\x35\x32\x64\x37\x30\x32\x35\x0a\x2c\xa0\xfa\xeb\xd1\x7f\x55\x2a\x2a\x2a\x20\x73\x74\x61\x63\x6b\x20\x73\x6d\x61\x73\x68\x69\x6e\x67\x20\x64\x65\x74\x65\x63\x74\x65\x64\x20\x2a\x2a\x2a\x3a\x20\x2f\x70\x77\x6e\x20\x74\x65\x72\x6d\x69\x6e\x61\x74\x65\x64\x0a"
