// Date: 2021-11-27 02:13:15
// SKYCTF PWN WAF
// Deved By I0gan
team_name: Uzi

user_name: Uzi


<-------------------- read ------------------>
6666666666666666666666

r_0 = "\x36\x36\x36\x36\x36\x36\x36\x36\x36\x36\x36\x36\x36\x36\x36\x36\x36\x36\x36\x36\x36\x36\x0a"

<-------------------- write ----------------->
6666666666666666666666
--+--

w_0 = "\x36\x36\x36\x36\x36\x36\x36\x36\x36\x36\x36\x36\x36\x36\x36\x36\x36\x36\x36\x36\x36\x36\x0a\x2d\x2d\x2b\x2d\x2d\x0a"

<-------------------- read ------------------>
666666666666666666666666666

r_1 = "\x36\x36\x36\x36\x36\x36\x36\x36\x36\x36\x36\x36\x36\x36\x36\x36\x36\x36\x36\x36\x36\x36\x36\x36\x36\x36\x36\x0a"

<-------------------- write ----------------->
666666666666666666666666666
0! Z©V*** stack smashing detected ***: /pwn terminated
logger: chall env released
logger: sky_token_is_wrong

w_1 = "\x36\x36\x36\x36\x36\x36\x36\x36\x36\x36\x36\x36\x36\x36\x36\x36\x36\x36\x36\x36\x36\x36\x36\x36\x36\x36\x36\x0a\x16\x17\x30\x21\xa0\x5a\xa9\x15\x04\x56\x2a\x2a\x2a\x20\x73\x74\x61\x63\x6b\x20\x73\x6d\x61\x73\x68\x69\x6e\x67\x20\x64\x65\x74\x65\x63\x74\x65\x64\x20\x2a\x2a\x2a\x3a\x20\x2f\x70\x77\x6e\x20\x74\x65\x72\x6d\x69\x6e\x61\x74\x65\x64\x0a"
