// Date: 2021-11-27 02:21:45
// SKYCTF PWN WAF
// Deved By I0gan
team_name: ZeU5

user_name: M1sceden4


<-------------------- read ------------------>
1111111111111111111111111111111111111111111111111111111111111111111111111111111111111111111111111111111111111111

r_0 = "\x31\x31\x31\x31\x31\x31\x31\x31\x31\x31\x31\x31\x31\x31\x31\x31\x31\x31\x31\x31\x31\x31\x31\x31\x31\x31\x31\x31\x31\x31\x31\x31\x31\x31\x31\x31\x31\x31\x31\x31\x31\x31\x31\x31\x31\x31\x31\x31\x31\x31\x31\x31\x31\x31\x31\x31\x31\x31\x31\x31\x31\x31\x31\x31\x31\x31\x31\x31\x31\x31\x31\x31\x31\x31\x31\x31\x31\x31\x31\x31\x31\x31\x31\x31\x31\x31\x31\x31\x31\x31\x31\x31\x31\x31\x31\x31\x31\x31\x31\x31\x31\x31\x31\x31\x31\x31\x31\x31\x31\x31\x31\x31\x0a"

<-------------------- write ----------------->
1111111111111111111111111111111111111111111111111111111111111111111111111111111111111111111111111111111111111111
--+--

w_0 = "\x31\x31\x31\x31\x31\x31\x31\x31\x31\x31\x31\x31\x31\x31\x31\x31\x31\x31\x31\x31\x31\x31\x31\x31\x31\x31\x31\x31\x31\x31\x31\x31\x31\x31\x31\x31\x31\x31\x31\x31\x31\x31\x31\x31\x31\x31\x31\x31\x31\x31\x31\x31\x31\x31\x31\x31\x31\x31\x31\x31\x31\x31\x31\x31\x31\x31\x31\x31\x31\x31\x31\x31\x31\x31\x31\x31\x31\x31\x31\x31\x31\x31\x31\x31\x31\x31\x31\x31\x31\x31\x31\x31\x31\x31\x31\x31\x31\x31\x31\x31\x31\x31\x31\x31\x31\x31\x31\x31\x31\x31\x31\x31\x0a\x2d\x2d\x2b\x2d\x2d\x0a"

<-------------------- read ------------------>
111111111111111111111111111111111111111111111111111111111111111111111111111111111111111111111111111111111111111111111111111111111111111111

r_1 = "\x31\x31\x31\x31\x31\x31\x31\x31\x31\x31\x31\x31\x31\x31\x31\x31\x31\x31\x31\x31\x31\x31\x31\x31\x31\x31\x31\x31\x31\x31\x31\x31\x31\x31\x31\x31\x31\x31\x31\x31\x31\x31\x31\x31\x31\x31\x31\x31\x31\x31\x31\x31\x31\x31\x31\x31\x31\x31\x31\x31\x31\x31\x31\x31\x31\x31\x31\x31\x31\x31\x31\x31\x31\x31\x31\x31\x31\x31\x31\x31\x31\x31\x31\x31\x31\x31\x31\x31\x31\x31\x31\x31\x31\x31\x31\x31\x31\x31\x31\x31\x31\x31\x31\x31\x31\x31\x31\x31\x31\x31\x31\x31\x31\x31\x31\x31\x31\x31\x31\x31\x31\x31\x31\x31\x31\x31\x31\x31\x31\x31\x31\x31\x31\x31\x31\x31\x31\x31\x0a"

<-------------------- write ----------------->
111111111111111111111111111111111111111111111111111111111111111111111111111111111111111111111111111111111111111111111111111111111111111111
Ü_Ÿ§.*** stack smashing detected ***: /pwn terminated
logger: chall env released
logger: sky_token_is_wrong

w_1 = "\x31\x31\x31\x31\x31\x31\x31\x31\x31\x31\x31\x31\x31\x31\x31\x31\x31\x31\x31\x31\x31\x31\x31\x31\x31\x31\x31\x31\x31\x31\x31\x31\x31\x31\x31\x31\x31\x31\x31\x31\x31\x31\x31\x31\x31\x31\x31\x31\x31\x31\x31\x31\x31\x31\x31\x31\x31\x31\x31\x31\x31\x31\x31\x31\x31\x31\x31\x31\x31\x31\x31\x31\x31\x31\x31\x31\x31\x31\x31\x31\x31\x31\x31\x31\x31\x31\x31\x31\x31\x31\x31\x31\x31\x31\x31\x31\x31\x31\x31\x31\x31\x31\x31\x31\x31\x31\x31\x31\x31\x31\x31\x31\x31\x31\x31\x31\x31\x31\x31\x31\x31\x31\x31\x31\x31\x31\x31\x31\x31\x31\x31\x31\x31\x31\x31\x31\x31\x31\x0a\xdc\x5f\x9f\xa7\x2e\x2a\x2a\x2a\x20\x73\x74\x61\x63\x6b\x20\x73\x6d\x61\x73\x68\x69\x6e\x67\x20\x64\x65\x74\x65\x63\x74\x65\x64\x20\x2a\x2a\x2a\x3a\x20\x2f\x70\x77\x6e\x20\x74\x65\x72\x6d\x69\x6e\x61\x74\x65\x64\x0a"
