// Date: 2021-11-27 02:29:37
// SKYCTF PWN WAF
// Deved By I0gan
team_name: He1loW0r1d

user_name: Neptune


<-------------------- read ------------------>
111

r_0 = "\x31\x31\x31\x0a"

<-------------------- write ----------------->
111
êU--+--

w_0 = "\x31\x31\x31\x0a\x90\x55\x2d\x2d\x2b\x2d\x2d\x0a"

<-------------------- read ------------------>
1

r_1 = "\x31\x0a"

<-------------------- write ----------------->
1
1
êUlogger: chall env released
logger: sky_token_is_wrong

w_1 = "\x31\x0a\x31\x0a\x90\x55"
