// Date: 2021-11-27 02:45:30
// SKYCTF PWN WAF
// Deved By I0gan
team_name: He1loW0r1d

user_name: Neptune


<-------------------- read ------------------>
1

r_0 = "\x31\x0a"

<-------------------- write ----------------->
1
·NV--+--

w_0 = "\x31\x0a\x05\xb7\x4e\x56\x2d\x2d\x2b\x2d\x2d\x0a"

<-------------------- read ------------------>
1

r_1 = "\x31\x0a"

<-------------------- write ----------------->
1
·NVlogger: chall env released
logger: sky_token_is_wrong

w_1 = "\x31\x0a\x05\xb7\x4e\x56"
