// Date: 2021-11-27 02:45:09
// SKYCTF PWN WAF
// Deved By I0gan
team_name: He1loW0r1d

user_name: Neptuen


<-------------------- read ------------------>
1

r_0 = "\x31\x0a"

<-------------------- write ----------------->
1
"è
V--+--

w_0 = "\x31\x0a\x22\x8f\x0a\x56\x2d\x2d\x2b\x2d\x2d\x0a"

<-------------------- read ------------------>
1

r_1 = "\x31\x0a"

<-------------------- write ----------------->
1
"è
Vlogger: chall env released
logger: sky_token_is_wrong

w_1 = "\x31\x0a\x22\x8f\x0a\x56"
