// Date: 2021-11-27 03:15:26
// SKYCTF PWN WAF
// Deved By I0gan
team_name: sadasdasda

user_name: dasdasd


<-------------------- read ------------------>
dasd

r_0 = "\x64\x61\x73\x64\x0a"

<-------------------- write ----------------->
dasd
U--+--

w_0 = "\x64\x61\x73\x64\x0a\x55\x2d\x2d\x2b\x2d\x2d\x0a"

<-------------------- read ------------------>
adas

r_1 = "\x61\x64\x61\x73\x0a"

<-------------------- write ----------------->
adas
Ulogger: chall env released
logger: sky_token_is_wrong

w_1 = "\x61\x64\x61\x73\x0a\x55"
