// Date: 2021-11-27 03:14:39
// SKYCTF PWN WAF
// Deved By I0gan
team_name: 0RAYS

user_name: X1ng


<-------------------- read ------------------>
aa

r_0 = "\x61\x61\x0a"

<-------------------- write ----------------->
aa
P	V--+--

w_0 = "\x61\x61\x0a\x50\x09\x56\x2d\x2d\x2b\x2d\x2d\x0a"

<-------------------- read ------------------>
aa

r_1 = "\x61\x61\x0a"

<-------------------- write ----------------->
aa
P	Vlogger: chall env released
logger: sky_token_is_wrong

w_1 = "\x61\x61\x0a\x50\x09\x56"
