// Date: 2021-11-27 03:20:47
// SKYCTF PWN WAF
// Deved By I0gan
team_name: Gerontic_D1no

user_name: root


<-------------------- read ------------------>
ls

r_0 = "\x6c\x73\x0a"

<-------------------- write ----------------->
ls
gV--+--

w_0 = "\x6c\x73\x0a\x67\x1c\x56\x2d\x2d\x2b\x2d\x2d\x0a"

<-------------------- read ------------------>
ls

r_1 = "\x6c\x73\x0a"

<-------------------- write ----------------->
ls
gVlogger: chall env released
logger: sky_token_is_wrong

w_1 = "\x6c\x73\x0a\x67\x1c\x56"
