// Date: 2021-11-27 03:42:39
// SKYCTF PWN WAF
// Deved By I0gan
team_name: æ‘¸é±¼å°é˜Ÿ

user_name: å¤§è€èŒƒ


<-------------------- read ------------------>
ls

r_0 = "\x6c\x73\x0a"

<-------------------- write ----------------->
ls
‘U--+--

w_0 = "\x6c\x73\x0a\x08\x91\x55\x2d\x2d\x2b\x2d\x2d\x0a"

<-------------------- read ------------------>
ls

r_1 = "\x6c\x73\x0a"

<-------------------- write ----------------->
ls
‘Ulogger: chall env released
logger: sky_token_is_wrong

w_1 = "\x6c\x73\x0a\x08\x91\x55"
