// Date: 2021-11-27 04:06:58
// SKYCTF PWN WAF
// Deved By I0gan
team_name: [A[A[A

user_name: [A


<-------------------- read ------------------>
[A

r_0 = "\x1b\x5b\x41\x0a"

<-------------------- write ----------------->
[A
]U--+--

w_0 = "\x1b\x5b\x41\x0a\x5d\x55\x2d\x2d\x2b\x2d\x2d\x0a"

<-------------------- read ------------------>
nia

r_1 = "\x6e\x69\x61\x0a"

<-------------------- write ----------------->
nia
]Ulogger: chall env released
logger: sky_token_is_wrong

w_1 = "\x6e\x69\x61\x0a\x5d\x55"
