// Date: 2021-11-27 04:05:25
// SKYCTF PWN WAF
// Deved By I0gan
team_name: qwe

user_name: eqw


<-------------------- read ------------------>
%11$p

r_0 = "\x25\x31\x31\x24\x70\x0a"

<-------------------- write ----------------->
0x9594a30e27c9f400
--+--

w_0 = "\x30\x78\x39\x35\x39\x34\x61\x33\x30\x65\x32\x37\x63\x39\x66\x34\x30\x30\x0a\x2d\x2d\x2b\x2d\x2d\x0a"

<-------------------- read ------------------>
a*"a" + 0x9594a30e27c9f400

r_1 = "\x61\x2a\x22\x61\x22\x20\x2b\x20\x30\x78\x39\x35\x39\x34\x61\x33\x30\x65\x32\x37\x63\x39\x66\x34\x30\x30\x0a"

<-------------------- write ----------------->
a*"a" + 0x9594a30e27c9f400
'£”• úŠ/V*** stack smashing detected ***: /pwn terminated
logger: chall env released
logger: sky_token_is_wrong

w_1 = "\x61\x2a\x22\x61\x22\x20\x2b\x20\x30\x78\x39\x35\x39\x34\x61\x33\x30\x65\x32\x37\x63\x39\x66\x34\x30\x30\x0a\x27\x0e\xa3\x94\x95\xa0\xfa\x8a\x1d\x2f\x56\x2a\x2a\x2a\x20\x73\x74\x61\x63\x6b\x20\x73\x6d\x61\x73\x68\x69\x6e\x67\x20\x64\x65\x74\x65\x63\x74\x65\x64\x20\x2a\x2a\x2a\x3a\x20\x2f\x70\x77\x6e\x20\x74\x65\x72\x6d\x69\x6e\x61\x74\x65\x64\x0a"
