// Date: 2021-11-27 04:14:29
// SKYCTF PWN WAF
// Deved By I0gan
team_name: [A[A[A[A[A

user_name: [A[A[A


<-------------------- read ------------------>
[A[A[A

r_0 = "\x1b\x5b\x41\x1b\x5b\x41\x1b\x5b\x41\x0a"

<-------------------- write ----------------->
[A[A[A
ŸVU--+--

w_0 = "\x1b\x5b\x41\x1b\x5b\x41\x1b\x5b\x41\x0a\x0d\x9f\x56\x55\x2d\x2d\x2b\x2d\x2d\x0a"

<-------------------- read ------------------>
[A

r_1 = "\x1b\x5b\x41\x0a"

<-------------------- write ----------------->
[A
[A[A
ŸVUlogger: chall env released
logger: sky_token_is_wrong

w_1 = "\x1b\x5b\x41\x0a\x5b\x41\x1b\x5b\x41\x0a\x0d\x9f\x56\x55"
