// Date: 2021-11-27 04:16:19
// SKYCTF PWN WAF
// Deved By I0gan
team_name: aaa

user_name: a


<-------------------- read ------------------>
112

r_0 = "\x31\x31\x32\x0a"

<-------------------- write ----------------->
112
V--+--

w_0 = "\x31\x31\x32\x0a\x12\x56\x2d\x2d\x2b\x2d\x2d\x0a"

<-------------------- read ------------------>
s

r_1 = "\x73\x0a"

<-------------------- write ----------------->
s
2
Vlogger: chall env released
logger: sky_token_is_wrong

w_1 = "\x73\x0a\x32\x0a\x12\x56"
