// Date: 2021-11-27 04:25:53
// SKYCTF PWN WAF
// Deved By I0gan
team_name: glaxy

user_name: glaxy


<-------------------- read ------------------>
1111

r_0 = "\x31\x31\x31\x31\x0a"

<-------------------- write ----------------->
1111
U--+--

w_0 = "\x31\x31\x31\x31\x0a\x55\x2d\x2d\x2b\x2d\x2d\x0a"

<-------------------- read ------------------>
11111

r_1 = "\x31\x31\x31\x31\x31\x0a"

<-------------------- write ----------------->
11111
logger: chall env released
logger: sky_token_is_wrong

w_1 = "\x31\x31\x31\x31\x31\x0a"
