// Date: 2021-11-27 04:20:10
// SKYCTF PWN WAF
// Deved By I0gan
team_name: 12

user_name: 123


<-------------------- read ------------------>
2

r_0 = "\x32\x0a"

<-------------------- write ----------------->
2

ÈU--+--

w_0 = "\x32\x0a\x0d\x0a\xc8\x55\x2d\x2d\x2b\x2d\x2d\x0a"

<-------------------- read ------------------>
qwe

r_1 = "\x71\x77\x65\x0a"

<-------------------- write ----------------->
qwe
ÈUlogger: chall env released
logger: sky_token_is_wrong

w_1 = "\x71\x77\x65\x0a\xc8\x55"
