// Date: 2021-11-27 04:26:28
// SKYCTF PWN WAF
// Deved By I0gan
team_name: galaxy

user_name: galaxy


<-------------------- read ------------------>
qqqqq

r_0 = "\x71\x71\x71\x71\x71\x0a"

<-------------------- write ----------------->
qqqqq
--+--

w_0 = "\x71\x71\x71\x71\x71\x0a\x2d\x2d\x2b\x2d\x2d\x0a"

<-------------------- read ------------------>
11111

r_1 = "\x31\x31\x31\x31\x31\x0a"

<-------------------- write ----------------->
11111
logger: chall env released
logger: sky_token_is_wrong

w_1 = "\x31\x31\x31\x31\x31\x0a"
