// Date: 2021-11-27 04:34:18
// SKYCTF PWN WAF
// Deved By I0gan
team_name: galaxy

user_name: galaxy


<-------------------- read ------------------>
1111

r_0 = "\x31\x31\x31\x31\x0a"

<-------------------- write ----------------->
1111
V--+--

w_0 = "\x31\x31\x31\x31\x0a\x56\x2d\x2d\x2b\x2d\x2d\x0a"

<-------------------- read ------------------>
1111

r_1 = "\x31\x31\x31\x31\x0a"

<-------------------- write ----------------->
1111
Vlogger: chall env released
logger: sky_token_is_wrong

w_1 = "\x31\x31\x31\x31\x0a\x56"
