// Date: 2021-11-27 05:04:06
// SKYCTF PWN WAF
// Deved By I0gan
team_name: Uzi

user_name: Uzi


<-------------------- read ------------------>
%17$p%11$p

r_0 = "\x25\x31\x37\x24\x70\x25\x31\x31\x24\x70\x0a"

<-------------------- write ----------------->
0x5632f194b9dc0x9b6f700cf6d9f400
ñ2V--+--

w_0 = "\x30\x78\x35\x36\x33\x32\x66\x31\x39\x34\x62\x39\x64\x63\x30\x78\x39\x62\x36\x66\x37\x30\x30\x63\x66\x36\x64\x39\x66\x34\x30\x30\x0a\xf1\x32\x56\x2d\x2d\x2b\x2d\x2d\x0a"

<-------------------- read ------------------>
ls

r_1 = "\x6c\x73\x0a"

<-------------------- write ----------------->
ls
$p0x9b6f700cf6d9f400
ñ2Vlogger: chall env released
logger: sky_token_is_wrong

w_1 = "\x6c\x73\x0a\x24\x70\x30\x78\x39\x62\x36\x66\x37\x30\x30\x63\x66\x36\x64\x39\x66\x34\x30\x30\x0a\xf1\x32\x56"
