// Date: 2021-11-27 05:02:34
// SKYCTF PWN WAF
// Deved By I0gan
team_name: Uzi

user_name: Uzi


<-------------------- read ------------------>
%17$p%11$p

r_0 = "\x25\x31\x37\x24\x70\x25\x31\x31\x24\x70\x0a"

<-------------------- write ----------------->
0x55d2a35e19dc0xe6d01f3c3773ef00
£ÒU--+--

w_0 = "\x30\x78\x35\x35\x64\x32\x61\x33\x35\x65\x31\x39\x64\x63\x30\x78\x65\x36\x64\x30\x31\x66\x33\x63\x33\x37\x37\x33\x65\x66\x30\x30\x0a\xa3\xd2\x55\x2d\x2d\x2b\x2d\x2d\x0a"

<-------------------- read ------------------>
ls

r_1 = "\x6c\x73\x0a"

<-------------------- write ----------------->
ls
$p0xe6d01f3c3773ef00
£ÒUlogger: chall env released
logger: sky_token_is_wrong

w_1 = "\x6c\x73\x0a\x24\x70\x30\x78\x65\x36\x64\x30\x31\x66\x33\x63\x33\x37\x37\x33\x65\x66\x30\x30\x0a\xa3\xd2\x55"
