// Date: 2021-11-27 05:34:01
// SKYCTF PWN WAF
// Deved By I0gan
team_name: 0xfafu-2

user_name: 施少东


<-------------------- read ------------------>
aaaaa

r_0 = "\x61\x61\x61\x61\x61\x0a"

<-------------------- write ----------------->
aaaaa
--+--

w_0 = "\x61\x61\x61\x61\x61\x0a\x2d\x2d\x2b\x2d\x2d\x0a"

<-------------------- read ------------------>
aaaaa

r_1 = "\x61\x61\x61\x61\x61\x0a"

<-------------------- write ----------------->
aaaaa
logger: chall env released
logger: sky_token_is_wrong

w_1 = "\x61\x61\x61\x61\x61\x0a"
