// Date: 2021-11-27 06:08:29
// SKYCTF PWN WAF
// Deved By I0gan
team_name: æ‘¸æ‘¸é±¼

user_name: Generate


<-------------------- read ------------------>
1

r_0 = "\x31\x0a"

<-------------------- write ----------------->
1
K–\U--+--

w_0 = "\x31\x0a\x4b\x96\x5c\x55\x2d\x2d\x2b\x2d\x2d\x0a"

<-------------------- read ------------------>
1

r_1 = "\x31\x0a"

<-------------------- write ----------------->
1
K–\Ulogger: chall env released
logger: sky_token_is_wrong

w_1 = "\x31\x0a\x4b\x96\x5c\x55"
