// Date: 2021-11-27 06:09:34
// SKYCTF PWN WAF
// Deved By I0gan
team_name: 望权栈

user_name: 菜pwn 


<-------------------- read ------------------>
adsf

r_0 = "\x61\x64\x73\x66\x0a"

<-------------------- write ----------------->
adsf
U--+--

w_0 = "\x61\x64\x73\x66\x0a\x55\x2d\x2d\x2b\x2d\x2d\x0a"

<-------------------- read ------------------>
dsf

r_1 = "\x64\x73\x66\x0a"

<-------------------- write ----------------->
dsf

Ulogger: chall env released
logger: sky_token_is_wrong

w_1 = "\x64\x73\x66\x0a\x0a\x55"
