// Date: 2021-11-27 06:13:03
// SKYCTF PWN WAF
// Deved By I0gan
team_name: æœ›æƒæ ˆ

user_name: èœpwn


<-------------------- read ------------------>
fsd

r_0 = "\x66\x73\x64\x0a"

<-------------------- write ----------------->
fsd
¯U--+--

w_0 = "\x66\x73\x64\x0a\xaf\x55\x2d\x2d\x2b\x2d\x2d\x0a"

<-------------------- read ------------------>
dsf

r_1 = "\x64\x73\x66\x0a"

<-------------------- write ----------------->
dsf
¯Ulogger: chall env released
logger: sky_token_is_wrong

w_1 = "\x64\x73\x66\x0a\xaf\x55"
