// Date: 2021-11-27 06:15:12
// SKYCTF PWN WAF
// Deved By I0gan
team_name: 花果山

user_name: linlhan


<-------------------- read ------------------>
9FD

r_0 = "\x39\x46\x44\x0a"

<-------------------- write ----------------->
9FD
9V--+--

w_0 = "\x39\x46\x44\x0a\x39\x56\x2d\x2d\x2b\x2d\x2d\x0a"

<-------------------- read ------------------>
9FD

r_1 = "\x39\x46\x44\x0a"

<-------------------- write ----------------->
9FD
9Vlogger: chall env released
logger: sky_token_is_wrong

w_1 = "\x39\x46\x44\x0a\x39\x56"
