// Date: 2021-11-27 06:12:31
// SKYCTF PWN WAF
// Deved By I0gan
team_name: æ­ªæ­ªæ­ªï¼Ÿ

user_name: Sauimezias


<-------------------- read ------------------>
ls

r_0 = "\x6c\x73\x0a"

<-------------------- write ----------------->
ls
)½U--+--

w_0 = "\x6c\x73\x0a\x29\xbd\x55\x2d\x2d\x2b\x2d\x2d\x0a"

<-------------------- read ------------------>
ls

r_1 = "\x6c\x73\x0a"

<-------------------- write ----------------->
ls
)½Ulogger: chall env released
logger: sky_token_is_wrong

w_1 = "\x6c\x73\x0a\x29\xbd\x55"
