// Date: 2021-11-27 07:01:12
// SKYCTF PWN WAF
// Deved By I0gan
team_name: å¯å£å¯ä¹

user_name: Sugar


<-------------------- read ------------------>
a

r_0 = "\x61\x0a"

<-------------------- write ----------------->
a
	«U--+--

w_0 = "\x61\x0a\x09\x12\xab\x55\x2d\x2d\x2b\x2d\x2d\x0a"

<-------------------- read ------------------>
a

r_1 = "\x61\x0a"

<-------------------- write ----------------->
a
	«Ulogger: chall env released
logger: sky_token_is_wrong

w_1 = "\x61\x0a\x09\x12\xab\x55"
