// Date: 2021-11-27 07:18:57
// SKYCTF PWN WAF
// Deved By I0gan
team_name: root

user_name: lusong


<-------------------- read ------------------>
ls

r_0 = "\x6c\x73\x0a"

<-------------------- write ----------------->
ls
ËWU--+--

w_0 = "\x6c\x73\x0a\xe8\x57\x55\x2d\x2d\x2b\x2d\x2d\x0a"

<-------------------- read ------------------>
ls

r_1 = "\x6c\x73\x0a"

<-------------------- write ----------------->
ls
ËWUlogger: chall env released
logger: sky_token_is_wrong

w_1 = "\x6c\x73\x0a\xe8\x57\x55"
