// Date: 2021-11-27 07:48:25
// SKYCTF PWN WAF
// Deved By I0gan
team_name: XA21

user_name: FEI


<-------------------- read ------------------>
FEI

r_0 = "\x46\x45\x49\x0a"

<-------------------- write ----------------->
FEI
ÍU--+--

w_0 = "\x46\x45\x49\x0a\xea\x55\x2d\x2d\x2b\x2d\x2d\x0a"

<-------------------- read ------------------>
ls

r_1 = "\x6c\x73\x0a"

<-------------------- write ----------------->
ls

ÍUlogger: chall env released
logger: sky_token_is_wrong

w_1 = "\x6c\x73\x0a\x0a\xea\x55"
