// Date: 2021-11-27 07:55:27
// SKYCTF PWN WAF
// Deved By I0gan
team_name: FEI

user_name: FEI


<-------------------- read ------------------>
/home/kali/Ê°åÈù¢/ezstack

r_0 = "\x2f\x68\x6f\x6d\x65\x2f\x6b\x61\x6c\x69\x2f\xe6\xa1\x8c\xe9\x9d\xa2\x2f\x65\x7a\x73\x74\x61\x63\x6b\x0a"

<-------------------- write ----------------->
/home/kali/Ê°åÈù¢/ezstack
0€Î0I£†zúºU--+--

w_0 = "\x2f\x68\x6f\x6d\x65\x2f\x6b\x61\x6c\x69\x2f\xe6\xa1\x8c\xe9\x9d\xa2\x2f\x65\x7a\x73\x74\x61\x63\x6b\x0a\x30\xdb\xeb\x30\x49\xa3\xa0\x7a\x9c\x0d\xbc\x55\x2d\x2d\x2b\x2d\x2d\x0a"

<-------------------- read ------------------>


r_1 = "\x0a"

<-------------------- write ----------------->

home/kali/Ê°åÈù¢/ezstack
0€Î0I£†zúºU*** stack smashing detected ***: /pwn terminated
logger: chall env released
logger: sky_token_is_wrong

w_1 = "\x0a\x68\x6f\x6d\x65\x2f\x6b\x61\x6c\x69\x2f\xe6\xa1\x8c\xe9\x9d\xa2\x2f\x65\x7a\x73\x74\x61\x63\x6b\x0a\x30\xdb\xeb\x30\x49\xa3\xa0\x7a\x9c\x0d\xbc\x55\x2a\x2a\x2a\x20\x73\x74\x61\x63\x6b\x20\x73\x6d\x61\x73\x68\x69\x6e\x67\x20\x64\x65\x74\x65\x63\x74\x65\x64\x20\x2a\x2a\x2a\x3a\x20\x2f\x70\x77\x6e\x20\x74\x65\x72\x6d\x69\x6e\x61\x74\x65\x64\x0a"
