// Date: 2021-11-27 07:53:07
// SKYCTF PWN WAF
// Deved By I0gan
team_name: 0xdddd

user_name: 0xRGz


<-------------------- read ------------------>
111

r_0 = "\x31\x31\x31\x0a"

<-------------------- write ----------------->
111
žU--+--

w_0 = "\x31\x31\x31\x0a\x9e\x55\x2d\x2d\x2b\x2d\x2d\x0a"

<-------------------- read ------------------>
1

r_1 = "\x31\x0a"

<-------------------- write ----------------->
1
1
žUlogger: chall env released
logger: sky_token_is_wrong

w_1 = "\x31\x0a\x31\x0a\x9e\x55"
