// Date: 2021-11-27 08:18:11
// SKYCTF PWN WAF
// Deved By I0gan
team_name: MJU

user_name: w9


<-------------------- read ------------------>
ls

r_0 = "\x6c\x73\x0a"

<-------------------- write ----------------->
ls
‹MV--+--

w_0 = "\x6c\x73\x0a\x8b\x4d\x56\x2d\x2d\x2b\x2d\x2d\x0a"

<-------------------- read ------------------>
ls

r_1 = "\x6c\x73\x0a"

<-------------------- write ----------------->
ls
‹MVlogger: chall env released
logger: sky_token_is_wrong

w_1 = "\x6c\x73\x0a\x8b\x4d\x56"
