// Date: 2021-11-27 08:17:14
// SKYCTF PWN WAF
// Deved By I0gan
team_name: MJU

user_name: w9


<-------------------- read ------------------>
--+--

r_0 = "\x2d\x2d\x2b\x2d\x2d\x0a"

<-------------------- write ----------------->
--+--
--+--

w_0 = "\x2d\x2d\x2b\x2d\x2d\x0a\x2d\x2d\x2b\x2d\x2d\x0a"

<-------------------- read ------------------>
--+--

r_1 = "\x2d\x2d\x2b\x2d\x2d\x0a"

<-------------------- write ----------------->
--+--
logger: chall env released
logger: sky_token_is_wrong

w_1 = "\x2d\x2d\x2b\x2d\x2d\x0a"
