// Date: 2021-11-27 08:43:30
// SKYCTF PWN WAF
// Deved By I0gan
team_name: åšå®Œç­¾åˆ°å°±è·‘

user_name: ç¦æ¥å“¥


<-------------------- read ------------------>
a

r_0 = "\x61\x0a"

<-------------------- write ----------------->
a
²åeU--+--

w_0 = "\x61\x0a\xb2\xe5\x65\x55\x2d\x2d\x2b\x2d\x2d\x0a"

<-------------------- read ------------------>
a

r_1 = "\x61\x0a"

<-------------------- write ----------------->
a
²åeUlogger: chall env released
logger: sky_token_is_wrong

w_1 = "\x61\x0a\xb2\xe5\x65\x55"
