// Date: 2021-11-27 08:56:17
// SKYCTF PWN WAF
// Deved By I0gan
team_name: CNSS

user_name: vior


<-------------------- read ------------------>
%p.%p.%p.%p.%p.%p.%p.%p.

r_0 = "\x25\x70\x2e\x25\x70\x2e\x25\x70\x2e\x25\x70\x2e\x25\x70\x2e\x25\x70\x2e\x25\x70\x2e\x25\x70\x2e\x0a"

<-------------------- write ----------------->
0x7ffdc7825330.0x100.0x7f6eb5607360.0x7f6eb58d6770.0x7f6eb5afd700.0x7ffdc782534e.0x2400000000000000.0x70252e70252e7025.
™ØRßÒ¹ Jê)ÛU--+--

w_0 = "\x30\x78\x37\x66\x66\x64\x63\x37\x38\x32\x35\x33\x33\x30\x2e\x30\x78\x31\x30\x30\x2e\x30\x78\x37\x66\x36\x65\x62\x35\x36\x30\x37\x33\x36\x30\x2e\x30\x78\x37\x66\x36\x65\x62\x35\x38\x64\x36\x37\x37\x30\x2e\x30\x78\x37\x66\x36\x65\x62\x35\x61\x66\x64\x37\x30\x30\x2e\x30\x78\x37\x66\x66\x64\x63\x37\x38\x32\x35\x33\x34\x65\x2e\x30\x78\x32\x34\x30\x30\x30\x30\x30\x30\x30\x30\x30\x30\x30\x30\x30\x30\x2e\x30\x78\x37\x30\x32\x35\x32\x65\x37\x30\x32\x35\x32\x65\x37\x30\x32\x35\x2e\x0a\x99\x05\xd8\x52\xdf\xd2\xb9\xa0\x4a\xea\x29\xdb\x55\x2d\x2d\x2b\x2d\x2d\x0a"

<-------------------- read ------------------>
%p.%p.%p.%p.%p.%p.%p.%p.

r_1 = "\x25\x70\x2e\x25\x70\x2e\x25\x70\x2e\x25\x70\x2e\x25\x70\x2e\x25\x70\x2e\x25\x70\x2e\x25\x70\x2e\x0a"

<-------------------- write ----------------->
0x7ffdc7825330.0x100.0x7f6eb5607360.0x7f6eb5afd700.0x85.0x7ffdc782534e.0x2400000000000000.0x70252e70252e7025.
™ØRßÒ¹ Jê)ÛU*** stack smashing detected ***: /pwn terminated
logger: chall env released
logger: sky_token_is_wrong

w_1 = "\x30\x78\x37\x66\x66\x64\x63\x37\x38\x32\x35\x33\x33\x30\x2e\x30\x78\x31\x30\x30\x2e\x30\x78\x37\x66\x36\x65\x62\x35\x36\x30\x37\x33\x36\x30\x2e\x30\x78\x37\x66\x36\x65\x62\x35\x61\x66\x64\x37\x30\x30\x2e\x30\x78\x38\x35\x2e\x30\x78\x37\x66\x66\x64\x63\x37\x38\x32\x35\x33\x34\x65\x2e\x30\x78\x32\x34\x30\x30\x30\x30\x30\x30\x30\x30\x30\x30\x30\x30\x30\x30\x2e\x30\x78\x37\x30\x32\x35\x32\x65\x37\x30\x32\x35\x32\x65\x37\x30\x32\x35\x2e\x0a\x99\x05\xd8\x52\xdf\xd2\xb9\xa0\x4a\xea\x29\xdb\x55\x2a\x2a\x2a\x20\x73\x74\x61\x63\x6b\x20\x73\x6d\x61\x73\x68\x69\x6e\x67\x20\x64\x65\x74\x65\x63\x74\x65\x64\x20\x2a\x2a\x2a\x3a\x20\x2f\x70\x77\x6e\x20\x74\x65\x72\x6d\x69\x6e\x61\x74\x65\x64\x0a"
