// Date: 2021-11-27 08:50:54
// SKYCTF PWN WAF
// Deved By I0gan
team_name: 

user_name: Tajang


<-------------------- read ------------------>
exit

r_0 = "\x65\x78\x69\x74\x0a"

<-------------------- write ----------------->
exit
V--+--

w_0 = "\x65\x78\x69\x74\x0a\x56\x2d\x2d\x2b\x2d\x2d\x0a"

<-------------------- read ------------------>
exit

r_1 = "\x65\x78\x69\x74\x0a"

<-------------------- write ----------------->
exit
Vlogger: chall env released
logger: sky_token_is_wrong

w_1 = "\x65\x78\x69\x74\x0a\x56"
