// Date: 2021-11-27 10:34:56
// SKYCTF PWN WAF
// Deved By I0gan
team_name: P@ss_1oN
user_name: l

<-------------------- read ------------------>
tlly

r_0 = "\x74\x6c\x6c\x79\x0a"

<-------------------- write ----------------->
tlly
V--+--

w_0 = "\x74\x6c\x6c\x79\x0a\x56\x2d\x2d\x2b\x2d\x2d\x0a"

<-------------------- read ------------------>
l
r_1 = "\x6c"

<-------------------- write ----------------->
llly
Vlogger: chall env released
logger: sky_token_is_wrong

w_1 = "\x6c\x6c\x6c\x79\x0a\x56"
