// Date: 2021-11-27 12:01:41
// SKYCTF PWN WAF
// Deved By I0gan
team_name: Kap0kktxxfd

user_name: mzy


<-------------------- read ------------------>
ls

r_0 = "\x6c\x73\x0a"

<-------------------- write ----------------->
ls
¨ V--+--

w_0 = "\x6c\x73\x0a\xa8\x20\x56\x2d\x2d\x2b\x2d\x2d\x0a"

<-------------------- read ------------------>
ll

r_1 = "\x6c\x6c\x0a"

<-------------------- write ----------------->
ll
¨ Vlogger: chall env released
logger: sky_token_is_wrong

w_1 = "\x6c\x6c\x0a\xa8\x20\x56"
