// Date: 2021-11-27 12:28:47
// SKYCTF PWN WAF
// Deved By I0gan
team_name: nsdd

user_name: belial


<-------------------- read ------------------>
ls -l

r_0 = "\x6c\x73\x20\x2d\x6c\x0a"

<-------------------- write ----------------->
ls -l
--+--

w_0 = "\x6c\x73\x20\x2d\x6c\x0a\x2d\x2d\x2b\x2d\x2d\x0a"

<-------------------- read ------------------>
ls -l

r_1 = "\x6c\x73\x20\x2d\x6c\x0a"

<-------------------- write ----------------->
ls -l
logger: chall env released
logger: sky_token_is_wrong

w_1 = "\x6c\x73\x20\x2d\x6c\x0a"
