// Date: 2021-11-27 13:11:02
// SKYCTF PWN WAF
// Deved By I0gan
team_name: Light1ng

user_name: Le1a


<-------------------- write ----------------->
                                          
                             [0;1;32;92m#[0m            
 [0;1;33;93mm[0;1;32;92mmm[0;1;36;96mm[0m  [0;1;34;94mm[0m     [0;1;33;93mm[0m [0;1;32;92mm[0m [0;1;36;96mm[0;1;34;94mm[0m    [0;1;31;91mm[0;1;33;93mmm[0m   [0;1;36;96m#[0m   [0;1;35;95mm[0m  [0;1;33;93mm[0m   [0;1;36;96mm[0m 
 [0;1;32;92m#[0;1;36;96m"[0m [0;1;34;94m"#[0m [0;1;35;95m"[0;1;31;91mm[0m [0;1;33;93mm[0m [0;1;32;92mm"[0m [0;1;36;96m#[0;1;34;94m"[0m  [0;1;35;95m#[0m  [0;1;33;93m#[0m   [0;1;36;96m"[0m  [0;1;34;94m#[0m [0;1;35;95mm[0;1;31;91m"[0m   [0;1;32;92m"m[0m [0;1;36;96mm[0;1;34;94m"[0m 
 [0;1;36;96m#[0m   [0;1;35;95m#[0m  [0;1;33;93m#m[0;1;32;92m#m[0;1;36;96m#[0m  [0;1;34;94m#[0m   [0;1;31;91m#[0m   [0;1;32;92m"[0;1;36;96m""[0;1;34;94mm[0m  [0;1;35;95m#[0;1;31;91m"#[0m     [0;1;36;96m#[0;1;34;94mm#[0m  
 [0;1;34;94m#[0;1;35;95m#m[0;1;31;91m#"[0m   [0;1;32;92m#[0m [0;1;36;96m#[0m   [0;1;35;95m#[0m   [0;1;33;93m#[0m  [0;1;36;96m"m[0;1;34;94mmm[0;1;35;95m"[0m  [0;1;31;91m#[0m  [0;1;32;92m"m[0m   [0;1;34;94m"[0;1;35;95m#[0m   
 [0;1;35;95m#[0m                                   [0;1;35;95mm[0;1;31;91m"[0m   
 [0;1;31;91m"[0m                                  [0;1;31;91m""[0m    
Server Info:
Server name: pwnsky cloud cache 1.0
Date time: Sat Nov 27 13:11:02 2021
Account status: Not login
$
w_0 = "\x20\x20\x20\x20\x20\x20\x20\x20\x20\x20\x20\x20\x20\x20\x20\x20\x20\x20\x20\x20\x20\x20\x20\x20\x20\x20\x20\x20\x20\x20\x20\x20\x20\x20\x20\x20\x20\x20\x20\x20\x20\x20\x0a\x20\x20\x20\x20\x20\x20\x20\x20\x20\x20\x20\x20\x20\x20\x20\x20\x20\x20\x20\x20\x20\x20\x20\x20\x20\x20\x20\x20\x20\x1b\x5b\x30\x3b\x31\x3b\x33\x32\x3b\x39\x32\x6d\x23\x1b\x5b\x30\x6d\x20\x20\x20\x20\x20\x20\x20\x20\x20\x20\x20\x20\x0a\x20\x1b\x5b\x30\x3b\x31\x3b\x33\x33\x3b\x39\x33\x6d\x6d\x1b\x5b\x30\x3b\x31\x3b\x33\x32\x3b\x39\x32\x6d\x6d\x6d\x1b\x5b\x30\x3b\x31\x3b\x33\x36\x3b\x39\x36\x6d\x6d\x1b\x5b\x30\x6d\x20\x20\x1b\x5b\x30\x3b\x31\x3b\x33\x34\x3b\x39\x34\x6d\x6d\x1b\x5b\x30\x6d\x20\x20\x20\x20\x20\x1b\x5b\x30\x3b\x31\x3b\x33\x33\x3b\x39\x33\x6d\x6d\x1b\x5b\x30\x6d\x20\x1b\x5b\x30\x3b\x31\x3b\x33\x32\x3b\x39\x32\x6d\x6d\x1b\x5b\x30\x6d\x20\x1b\x5b\x30\x3b\x31\x3b\x33\x36\x3b\x39\x36\x6d\x6d\x1b\x5b\x30\x3b\x31\x3b\x33\x34\x3b\x39\x34\x6d\x6d\x1b\x5b\x30\x6d\x20\x20\x20\x20\x1b\x5b\x30\x3b\x31\x3b\x33\x31\x3b\x39\x31\x6d\x6d\x1b\x5b\x30\x3b\x31\x3b\x33\x33\x3b\x39\x33\x6d\x6d\x6d\x1b\x5b\x30\x6d\x20\x20\x20\x1b\x5b\x30\x3b\x31\x3b\x33\x36\x3b\x39\x36\x6d\x23\x1b\x5b\x30\x6d\x20\x20\x20\x1b\x5b\x30\x3b\x31\x3b\x33\x35\x3b\x39\x35\x6d\x6d\x1b\x5b\x30\x6d\x20\x20\x1b\x5b\x30\x3b\x31\x3b\x33\x33\x3b\x39\x33\x6d\x6d\x1b\x5b\x30\x6d\x20\x20\x20\x1b\x5b\x30\x3b\x31\x3b\x33\x36\x3b\x39\x36\x6d\x6d\x1b\x5b\x30\x6d\x20\x0a\x20\x1b\x5b\x30\x3b\x31\x3b\x33\x32\x3b\x39\x32\x6d\x23\x1b\x5b\x30\x3b\x31\x3b\x33\x36\x3b\x39\x36\x6d\x22\x1b\x5b\x30\x6d\x20\x1b\x5b\x30\x3b\x31\x3b\x33\x34\x3b\x39\x34\x6d\x22\x23\x1b\x5b\x30\x6d\x20\x1b\x5b\x30\x3b\x31\x3b\x33\x35\x3b\x39\x35\x6d\x22\x1b\x5b\x30\x3b\x31\x3b\x33\x31\x3b\x39\x31\x6d\x6d\x1b\x5b\x30\x6d\x20\x1b\x5b\x30\x3b\x31\x3b\x33\x33\x3b\x39\x33\x6d\x6d\x1b\x5b\x30\x6d\x20\x1b\x5b\x30\x3b\x31\x3b\x33\x32\x3b\x39\x32\x6d\x6d\x22\x1b\x5b\x30\x6d\x20\x1b\x5b\x30\x3b\x31\x3b\x33\x36\x3b\x39\x36\x6d\x23\x1b\x5b\x30\x3b\x31\x3b\x33\x34\x3b\x39\x34\x6d\x22\x1b\x5b\x30\x6d\x20\x20\x1b\x5b\x30\x3b\x31\x3b\x33\x35\x3b\x39\x35\x6d\x23\x1b\x5b\x30\x6d\x20\x20\x1b\x5b\x30\x3b\x31\x3b\x33\x33\x3b\x39\x33\x6d\x23\x1b\x5b\x30\x6d\x20\x20\x20\x1b\x5b\x30\x3b\x31\x3b\x33\x36\x3b\x39\x36\x6d\x22\x1b\x5b\x30\x6d\x20\x20\x1b\x5b\x30\x3b\x31\x3b\x33\x34\x3b\x39\x34\x6d\x23\x1b\x5b\x30\x6d\x20\x1b\x5b\x30\x3b\x31\x3b\x33\x35\x3b\x39\x35\x6d\x6d\x1b\x5b\x30\x3b\x31\x3b\x33\x31\x3b\x39\x31\x6d\x22\x1b\x5b\x30\x6d\x20\x20\x20\x1b\x5b\x30\x3b\x31\x3b\x33\x32\x3b\x39\x32\x6d\x22\x6d\x1b\x5b\x30\x6d\x20\x1b\x5b\x30\x3b\x31\x3b\x33\x36\x3b\x39\x36\x6d\x6d\x1b\x5b\x30\x3b\x31\x3b\x33\x34\x3b\x39\x34\x6d\x22\x1b\x5b\x30\x6d\x20\x0a\x20\x1b\x5b\x30\x3b\x31\x3b\x33\x36\x3b\x39\x36\x6d\x23\x1b\x5b\x30\x6d\x20\x20\x20\x1b\x5b\x30\x3b\x31\x3b\x33\x35\x3b\x39\x35\x6d\x23\x1b\x5b\x30\x6d\x20\x20\x1b\x5b\x30\x3b\x31\x3b\x33\x33\x3b\x39\x33\x6d\x23\x6d\x1b\x5b\x30\x3b\x31\x3b\x33\x32\x3b\x39\x32\x6d\x23\x6d\x1b\x5b\x30\x3b\x31\x3b\x33\x36\x3b\x39\x36\x6d\x23\x1b\x5b\x30\x6d\x20\x20\x1b\x5b\x30\x3b\x31\x3b\x33\x34\x3b\x39\x34\x6d\x23\x1b\x5b\x30\x6d\x20\x20\x20\x1b\x5b\x30\x3b\x31\x3b\x33\x31\x3b\x39\x31\x6d\x23\x1b\x5b\x30\x6d\x20\x20\x20\x1b\x5b\x30\x3b\x31\x3b\x33\x32\x3b\x39\x32\x6d\x22\x1b\x5b\x30\x3b\x31\x3b\x33\x36\x3b\x39\x36\x6d\x22\x22\x1b\x5b\x30\x3b\x31\x3b\x33\x34\x3b\x39\x34\x6d\x6d\x1b\x5b\x30\x6d\x20\x20\x1b\x5b\x30\x3b\x31\x3b\x33\x35\x3b\x39\x35\x6d\x23\x1b\x5b\x30\x3b\x31\x3b\x33\x31\x3b\x39\x31\x6d\x22\x23\x1b\x5b\x30\x6d\x20\x20\x20\x20\x20\x1b\x5b\x30\x3b\x31\x3b\x33\x36\x3b\x39\x36\x6d\x23\x1b\x5b\x30\x3b\x31\x3b\x33\x34\x3b\x39\x34\x6d\x6d\x23\x1b\x5b\x30\x6d\x20\x20\x0a\x20\x1b\x5b\x30\x3b\x31\x3b\x33\x34\x3b\x39\x34\x6d\x23\x1b\x5b\x30\x3b\x31\x3b\x33\x35\x3b\x39\x35\x6d\x23\x6d\x1b\x5b\x30\x3b\x31\x3b\x33\x31\x3b\x39\x31\x6d\x23\x22\x1b\x5b\x30\x6d\x20\x20\x20\x1b\x5b\x30\x3b\x31\x3b\x33\x32\x3b\x39\x32\x6d\x23\x1b\x5b\x30\x6d\x20\x1b\x5b\x30\x3b\x31\x3b\x33\x36\x3b\x39\x36\x6d\x23\x1b\x5b\x30\x6d\x20\x20\x20\x1b\x5b\x30\x3b\x31\x3b\x33\x35\x3b\x39\x35\x6d\x23\x1b\x5b\x30\x6d\x20\x20\x20\x1b\x5b\x30\x3b\x31\x3b\x33\x33\x3b\x39\x33\x6d\x23\x1b\x5b\x30\x6d\x20\x20\x1b\x5b\x30\x3b\x31\x3b\x33\x36\x3b\x39\x36\x6d\x22\x6d\x1b\x5b\x30\x3b\x31\x3b\x33\x34\x3b\x39\x34\x6d\x6d\x6d\x1b\x5b\x30\x3b\x31\x3b\x33\x35\x3b\x39\x35\x6d\x22\x1b\x5b\x30\x6d\x20\x20\x1b\x5b\x30\x3b\x31\x3b\x33\x31\x3b\x39\x31\x6d\x23\x1b\x5b\x30\x6d\x20\x20\x1b\x5b\x30\x3b\x31\x3b\x33\x32\x3b\x39\x32\x6d\x22\x6d\x1b\x5b\x30\x6d\x20\x20\x20\x1b\x5b\x30\x3b\x31\x3b\x33\x34\x3b\x39\x34\x6d\x22\x1b\x5b\x30\x3b\x31\x3b\x33\x35\x3b\x39\x35\x6d\x23\x1b\x5b\x30\x6d\x20\x20\x20\x0a\x20\x1b\x5b\x30\x3b\x31\x3b\x33\x35\x3b\x39\x35\x6d\x23\x1b\x5b\x30\x6d\x20\x20\x20\x20\x20\x20\x20\x20\x20\x20\x20\x20\x20\x20\x20\x20\x20\x20\x20\x20\x20\x20\x20\x20\x20\x20\x20\x20\x20\x20\x20\x20\x20\x20\x20\x1b\x5b\x30\x3b\x31\x3b\x33\x35\x3b\x39\x35\x6d\x6d\x1b\x5b\x30\x3b\x31\x3b\x33\x31\x3b\x39\x31\x6d\x22\x1b\x5b\x30\x6d\x20\x20\x20\x0a\x20\x1b\x5b\x30\x3b\x31\x3b\x33\x31\x3b\x39\x31\x6d\x22\x1b\x5b\x30\x6d\x20\x20\x20\x20\x20\x20\x20\x20\x20\x20\x20\x20\x20\x20\x20\x20\x20\x20\x20\x20\x20\x20\x20\x20\x20\x20\x20\x20\x20\x20\x20\x20\x20\x20\x1b\x5b\x30\x3b\x31\x3b\x33\x31\x3b\x39\x31\x6d\x22\x22\x1b\x5b\x30\x6d\x20\x20\x20\x20\x0a\x53\x65\x72\x76\x65\x72\x20\x49\x6e\x66\x6f\x3a\x0a\x53\x65\x72\x76\x65\x72\x20\x6e\x61\x6d\x65\x3a\x20\x70\x77\x6e\x73\x6b\x79\x20\x63\x6c\x6f\x75\x64\x20\x63\x61\x63\x68\x65\x20\x31\x2e\x30\x0a\x44\x61\x74\x65\x20\x74\x69\x6d\x65\x3a\x20\x53\x61\x74\x20\x4e\x6f\x76\x20\x32\x37\x20\x31\x33\x3a\x31\x31\x3a\x30\x32\x20\x32\x30\x32\x31\x0a\x41\x63\x63\x6f\x75\x6e\x74\x20\x73\x74\x61\x74\x75\x73\x3a\x20\x4e\x6f\x74\x20\x6c\x6f\x67\x69\x6e\x0a\x24"

<-------------------- read ------------------>
login

r_0 = "\x6c\x6f\x67\x69\x6e\x0a"

<-------------------- write ----------------->
pwnsky cloud cache login
account:
w_1 = "\x70\x77\x6e\x73\x6b\x79\x20\x63\x6c\x6f\x75\x64\x20\x63\x61\x63\x68\x65\x20\x6c\x6f\x67\x69\x6e\x0a\x61\x63\x63\x6f\x75\x6e\x74\x3a"

<-------------------- read ------------------>
1000

r_1 = "\x31\x30\x30\x30\x0a"

<-------------------- write ----------------->
password:
w_2 = "\x70\x61\x73\x73\x77\x6f\x72\x64\x3a"

<-------------------- read ------------------>
418894113

r_2 = "\x34\x31\x38\x38\x39\x34\x31\x31\x33\x0a"

<-------------------- write ----------------->
login succeeded!
$$
w_3 = "\x6c\x6f\x67\x69\x6e\x20\x73\x75\x63\x63\x65\x65\x64\x65\x64\x21\x0a\x24\x24"

<-------------------- read ------------------>
add

r_3 = "\x61\x64\x64\x0a"

<-------------------- write ----------------->
size?

w_4 = "\x73\x69\x7a\x65\x3f\x0a"

<-------------------- read ------------------>
1040


r_4 = "\x31\x30\x34\x30\x0a\x0a"
